2018-06-22 15:04:18.954  INFO 8360 --- [restartedMain] b.c.d.WdbintegrationApiApplication       : Starting WdbintegrationApiApplication on UDI-H6SGQM2 with PID 8360 (C:\Everis\workspace\stsbundle\wdbintegration-api\target\classes started by wborgesa in C:\Everis\workspace\stsbundle\wdbintegration-api)
2018-06-22 15:04:18.954  INFO 8360 --- [restartedMain] b.c.d.WdbintegrationApiApplication       : No active profile set, falling back to default profiles: default
2018-06-22 15:04:18.956  INFO 8360 --- [restartedMain] ationConfigEmbeddedWebApplicationContext : Refreshing org.springframework.boot.context.embedded.AnnotationConfigEmbeddedWebApplicationContext@15f881e9: startup date [Fri Jun 22 15:04:18 BRT 2018]; root of context hierarchy
2018-06-22 15:04:19.465  INFO 8360 --- [restartedMain] s.b.c.e.t.TomcatEmbeddedServletContainer : Tomcat initialized with port(s): 8090 (http)
2018-06-22 15:04:19.466  INFO 8360 --- [restartedMain] o.apache.catalina.core.StandardService   : Starting service [Tomcat]
2018-06-22 15:04:19.466  INFO 8360 --- [restartedMain] org.apache.catalina.core.StandardEngine  : Starting Servlet Engine: Apache Tomcat/8.5.29
2018-06-22 15:04:19.495  INFO 8360 --- [localhost-startStop-1] o.a.c.c.C.[Tomcat].[localhost].[/]       : Initializing Spring embedded WebApplicationContext
2018-06-22 15:04:19.496  INFO 8360 --- [localhost-startStop-1] o.s.web.context.ContextLoader            : Root WebApplicationContext: initialization completed in 540 ms
2018-06-22 15:04:19.532  INFO 8360 --- [localhost-startStop-1] o.s.b.w.servlet.ServletRegistrationBean  : Mapping servlet: 'dispatcherServlet' to [/]
2018-06-22 15:04:19.533  INFO 8360 --- [localhost-startStop-1] o.s.b.w.servlet.FilterRegistrationBean   : Mapping filter: 'characterEncodingFilter' to: [/*]
2018-06-22 15:04:19.533  INFO 8360 --- [localhost-startStop-1] o.s.b.w.servlet.FilterRegistrationBean   : Mapping filter: 'hiddenHttpMethodFilter' to: [/*]
2018-06-22 15:04:19.534  INFO 8360 --- [localhost-startStop-1] o.s.b.w.servlet.FilterRegistrationBean   : Mapping filter: 'httpPutFormContentFilter' to: [/*]
2018-06-22 15:04:19.534  INFO 8360 --- [localhost-startStop-1] o.s.b.w.servlet.FilterRegistrationBean   : Mapping filter: 'requestContextFilter' to: [/*]
2018-06-22 15:04:19.636  INFO 8360 --- [restartedMain] s.w.s.m.m.a.RequestMappingHandlerAdapter : Looking for @ControllerAdvice: org.springframework.boot.context.embedded.AnnotationConfigEmbeddedWebApplicationContext@15f881e9: startup date [Fri Jun 22 15:04:18 BRT 2018]; root of context hierarchy
2018-06-22 15:04:19.644  INFO 8360 --- [restartedMain] s.w.s.m.m.a.RequestMappingHandlerMapping : Mapped "{[/object],methods=[GET]}" onto public org.springframework.http.ResponseEntity<?> br.com.dbintegrationapi.resource.ObjectResource.getDataQuery()
2018-06-22 15:04:19.645  INFO 8360 --- [restartedMain] s.w.s.m.m.a.RequestMappingHandlerMapping : Mapped "{[/object/supplier],methods=[POST]}" onto public java.util.List<br.com.library.wlibrary.att.Supplier> br.com.dbintegrationapi.resource.ObjectResource.supplier(br.com.library.wlibrary.core.DataQuery)
2018-06-22 15:04:19.645  INFO 8360 --- [restartedMain] s.w.s.m.m.a.RequestMappingHandlerMapping : Mapped "{[/object/nonWorkdays],methods=[POST]}" onto public java.util.List<br.com.library.wlibrary.att.NonWorkdays> br.com.dbintegrationapi.resource.ObjectResource.nonWorkdays(br.com.library.wlibrary.core.DataQuery)
2018-06-22 15:04:19.645  INFO 8360 --- [restartedMain] s.w.s.m.m.a.RequestMappingHandlerMapping : Mapped "{[/object/salesman],methods=[POST]}" onto public java.util.List<br.com.library.wlibrary.att.Salesman> br.com.dbintegrationapi.resource.ObjectResource.salesman(br.com.library.wlibrary.core.DataQuery)
2018-06-22 15:04:19.645  INFO 8360 --- [restartedMain] s.w.s.m.m.a.RequestMappingHandlerMapping : Mapped "{[/object/comission],methods=[POST]}" onto public org.springframework.http.ResponseEntity<?> br.com.dbintegrationapi.resource.ObjectResource.comission(br.com.library.wlibrary.core.DataQuery)
2018-06-22 15:04:19.646  INFO 8360 --- [restartedMain] s.w.s.m.m.a.RequestMappingHandlerMapping : Mapped "{[/object/payment],methods=[POST]}" onto public org.springframework.http.ResponseEntity<?> br.com.dbintegrationapi.resource.ObjectResource.payment(br.com.library.wlibrary.core.DataQuery)
2018-06-22 15:04:19.647  INFO 8360 --- [restartedMain] s.w.s.m.m.a.RequestMappingHandlerMapping : Mapped "{[/error]}" onto public org.springframework.http.ResponseEntity<java.util.Map<java.lang.String, java.lang.Object>> org.springframework.boot.autoconfigure.web.BasicErrorController.error(javax.servlet.http.HttpServletRequest)
2018-06-22 15:04:19.647  INFO 8360 --- [restartedMain] s.w.s.m.m.a.RequestMappingHandlerMapping : Mapped "{[/error],produces=[text/html]}" onto public org.springframework.web.servlet.ModelAndView org.springframework.boot.autoconfigure.web.BasicErrorController.errorHtml(javax.servlet.http.HttpServletRequest,javax.servlet.http.HttpServletResponse)
2018-06-22 15:04:19.655  INFO 8360 --- [restartedMain] o.s.w.s.handler.SimpleUrlHandlerMapping  : Mapped URL path [/webjars/**] onto handler of type [class org.springframework.web.servlet.resource.ResourceHttpRequestHandler]
2018-06-22 15:04:19.655  INFO 8360 --- [restartedMain] o.s.w.s.handler.SimpleUrlHandlerMapping  : Mapped URL path [/**] onto handler of type [class org.springframework.web.servlet.resource.ResourceHttpRequestHandler]
2018-06-22 15:04:19.707  INFO 8360 --- [restartedMain] o.s.w.s.handler.SimpleUrlHandlerMapping  : Mapped URL path [/**/favicon.ico] onto handler of type [class org.springframework.web.servlet.resource.ResourceHttpRequestHandler]
2018-06-22 15:04:19.743  INFO 8360 --- [restartedMain] o.s.b.d.a.OptionalLiveReloadServer       : LiveReload server is running on port 35729
2018-06-22 15:04:19.778  INFO 8360 --- [restartedMain] o.s.j.e.a.AnnotationMBeanExporter        : Registering beans for JMX exposure on startup
2018-06-22 15:04:19.788  INFO 8360 --- [restartedMain] s.b.c.e.t.TomcatEmbeddedServletContainer : Tomcat started on port(s): 8090 (http)
2018-06-22 15:04:19.791  INFO 8360 --- [restartedMain] b.c.d.WdbintegrationApiApplication       : Started WdbintegrationApiApplication in 0.873 seconds (JVM running for 10847.889)
2018-06-22 15:05:21.338  INFO 8360 --- [Thread-40] ationConfigEmbeddedWebApplicationContext : Closing org.springframework.boot.context.embedded.AnnotationConfigEmbeddedWebApplicationContext@15f881e9: startup date [Fri Jun 22 15:04:18 BRT 2018]; root of context hierarchy
2018-06-22 15:05:21.343  INFO 8360 --- [Thread-40] o.s.j.e.a.AnnotationMBeanExporter        : Unregistering JMX-exposed beans on shutdown
