2018-06-22 11:29:30.012  INFO 26480 --- [restartedMain] b.c.d.WdbintegrationApiApplication       : Starting WdbintegrationApiApplication on UDI-H6SGQM2 with PID 26480 (C:\Everis\workspace\stsbundle\wdbintegration-api\target\classes started by wborgesa in C:\Everis\workspace\stsbundle\wdbintegration-api)
2018-06-22 11:29:30.013  INFO 26480 --- [restartedMain] b.c.d.WdbintegrationApiApplication       : No active profile set, falling back to default profiles: default
2018-06-22 11:29:30.092  INFO 26480 --- [restartedMain] ationConfigEmbeddedWebApplicationContext : Refreshing org.springframework.boot.context.embedded.AnnotationConfigEmbeddedWebApplicationContext@4fabb0ca: startup date [Fri Jun 22 11:29:30 BRT 2018]; root of context hierarchy
2018-06-22 11:29:31.574  INFO 26480 --- [restartedMain] s.b.c.e.t.TomcatEmbeddedServletContainer : Tomcat initialized with port(s): 8090 (http)
2018-06-22 11:29:31.594  INFO 26480 --- [restartedMain] o.apache.catalina.core.StandardService   : Starting service [Tomcat]
2018-06-22 11:29:31.594  INFO 26480 --- [restartedMain] org.apache.catalina.core.StandardEngine  : Starting Servlet Engine: Apache Tomcat/8.5.29
2018-06-22 11:29:31.673  INFO 26480 --- [localhost-startStop-1] o.a.c.c.C.[Tomcat].[localhost].[/]       : Initializing Spring embedded WebApplicationContext
2018-06-22 11:29:31.673  INFO 26480 --- [localhost-startStop-1] o.s.web.context.ContextLoader            : Root WebApplicationContext: initialization completed in 1585 ms
2018-06-22 11:29:31.873  INFO 26480 --- [localhost-startStop-1] o.s.b.w.servlet.ServletRegistrationBean  : Mapping servlet: 'dispatcherServlet' to [/]
2018-06-22 11:29:31.877  INFO 26480 --- [localhost-startStop-1] o.s.b.w.servlet.FilterRegistrationBean   : Mapping filter: 'characterEncodingFilter' to: [/*]
2018-06-22 11:29:31.877  INFO 26480 --- [localhost-startStop-1] o.s.b.w.servlet.FilterRegistrationBean   : Mapping filter: 'hiddenHttpMethodFilter' to: [/*]
2018-06-22 11:29:31.877  INFO 26480 --- [localhost-startStop-1] o.s.b.w.servlet.FilterRegistrationBean   : Mapping filter: 'httpPutFormContentFilter' to: [/*]
2018-06-22 11:29:31.878  INFO 26480 --- [localhost-startStop-1] o.s.b.w.servlet.FilterRegistrationBean   : Mapping filter: 'requestContextFilter' to: [/*]
2018-06-22 11:29:32.292  INFO 26480 --- [restartedMain] s.w.s.m.m.a.RequestMappingHandlerAdapter : Looking for @ControllerAdvice: org.springframework.boot.context.embedded.AnnotationConfigEmbeddedWebApplicationContext@4fabb0ca: startup date [Fri Jun 22 11:29:30 BRT 2018]; root of context hierarchy
2018-06-22 11:29:32.365  INFO 26480 --- [restartedMain] s.w.s.m.m.a.RequestMappingHandlerMapping : Mapped "{[/object/supplier],methods=[POST]}" onto public java.util.List<br.com.library.wlibrary.att.Supplier> br.com.dbintegrationapi.resource.ObjectResource.supplier(br.com.library.wlibrary.core.DataQuery)
2018-06-22 11:29:32.366  INFO 26480 --- [restartedMain] s.w.s.m.m.a.RequestMappingHandlerMapping : Mapped "{[/object],methods=[GET]}" onto public org.springframework.http.ResponseEntity<?> br.com.dbintegrationapi.resource.ObjectResource.getDataQuery()
2018-06-22 11:29:32.367  INFO 26480 --- [restartedMain] s.w.s.m.m.a.RequestMappingHandlerMapping : Mapped "{[/object/payment],methods=[POST]}" onto public org.springframework.http.ResponseEntity<?> br.com.dbintegrationapi.resource.ObjectResource.payment(br.com.library.wlibrary.core.DataQuery)
2018-06-22 11:29:32.367  INFO 26480 --- [restartedMain] s.w.s.m.m.a.RequestMappingHandlerMapping : Mapped "{[/object/salesman],methods=[POST]}" onto public java.util.List<br.com.library.wlibrary.att.Salesman> br.com.dbintegrationapi.resource.ObjectResource.salesman(br.com.library.wlibrary.core.DataQuery)
2018-06-22 11:29:32.367  INFO 26480 --- [restartedMain] s.w.s.m.m.a.RequestMappingHandlerMapping : Mapped "{[/object/nonWorkdays],methods=[POST]}" onto public java.util.List<br.com.library.wlibrary.att.NonWorkdays> br.com.dbintegrationapi.resource.ObjectResource.nonWorkdays(br.com.library.wlibrary.core.DataQuery)
2018-06-22 11:29:32.368  INFO 26480 --- [restartedMain] s.w.s.m.m.a.RequestMappingHandlerMapping : Mapped "{[/object/comission],methods=[POST]}" onto public org.springframework.http.ResponseEntity<?> br.com.dbintegrationapi.resource.ObjectResource.comission(br.com.library.wlibrary.core.DataQuery)
2018-06-22 11:29:32.371  INFO 26480 --- [restartedMain] s.w.s.m.m.a.RequestMappingHandlerMapping : Mapped "{[/error]}" onto public org.springframework.http.ResponseEntity<java.util.Map<java.lang.String, java.lang.Object>> org.springframework.boot.autoconfigure.web.BasicErrorController.error(javax.servlet.http.HttpServletRequest)
2018-06-22 11:29:32.372  INFO 26480 --- [restartedMain] s.w.s.m.m.a.RequestMappingHandlerMapping : Mapped "{[/error],produces=[text/html]}" onto public org.springframework.web.servlet.ModelAndView org.springframework.boot.autoconfigure.web.BasicErrorController.errorHtml(javax.servlet.http.HttpServletRequest,javax.servlet.http.HttpServletResponse)
2018-06-22 11:29:32.427  INFO 26480 --- [restartedMain] o.s.w.s.handler.SimpleUrlHandlerMapping  : Mapped URL path [/webjars/**] onto handler of type [class org.springframework.web.servlet.resource.ResourceHttpRequestHandler]
2018-06-22 11:29:32.428  INFO 26480 --- [restartedMain] o.s.w.s.handler.SimpleUrlHandlerMapping  : Mapped URL path [/**] onto handler of type [class org.springframework.web.servlet.resource.ResourceHttpRequestHandler]
2018-06-22 11:29:32.534  INFO 26480 --- [restartedMain] o.s.w.s.handler.SimpleUrlHandlerMapping  : Mapped URL path [/**/favicon.ico] onto handler of type [class org.springframework.web.servlet.resource.ResourceHttpRequestHandler]
2018-06-22 11:29:32.852  INFO 26480 --- [restartedMain] o.s.b.d.a.OptionalLiveReloadServer       : LiveReload server is running on port 35729
2018-06-22 11:29:33.038  INFO 26480 --- [restartedMain] o.s.j.e.a.AnnotationMBeanExporter        : Registering beans for JMX exposure on startup
2018-06-22 11:29:33.156  INFO 26480 --- [restartedMain] s.b.c.e.t.TomcatEmbeddedServletContainer : Tomcat started on port(s): 8090 (http)
2018-06-22 11:29:33.165  INFO 26480 --- [restartedMain] b.c.d.WdbintegrationApiApplication       : Started WdbintegrationApiApplication in 3.421 seconds (JVM running for 4.021)
2018-06-22 11:30:34.285  INFO 26480 --- [http-nio-8090-exec-1] o.a.c.c.C.[Tomcat].[localhost].[/]       : Initializing Spring FrameworkServlet 'dispatcherServlet'
2018-06-22 11:30:34.285  INFO 26480 --- [http-nio-8090-exec-1] o.s.web.servlet.DispatcherServlet        : FrameworkServlet 'dispatcherServlet': initialization started
2018-06-22 11:30:34.303  INFO 26480 --- [http-nio-8090-exec-1] o.s.web.servlet.DispatcherServlet        : FrameworkServlet 'dispatcherServlet': initialization completed in 18 ms
2018-06-22 11:31:52.462  INFO 26480 --- [http-nio-8090-exec-7] b.c.dbintegrationapi.dao.IntegrationDao  : java.vendor: Oracle Corporation
2018-06-22 11:31:52.463  INFO 26480 --- [http-nio-8090-exec-7] b.c.dbintegrationapi.dao.IntegrationDao  : java.vendor.url: http://java.oracle.com/
2018-06-22 11:31:52.463  INFO 26480 --- [http-nio-8090-exec-7] b.c.dbintegrationapi.dao.IntegrationDao  : java.version: 1.7.0_80
2018-06-22 11:31:52.463  INFO 26480 --- [http-nio-8090-exec-7] b.c.dbintegrationapi.dao.IntegrationDao  : sun.arch.data.model: 64
2018-06-22 11:31:52.463  INFO 26480 --- [http-nio-8090-exec-7] b.c.dbintegrationapi.dao.IntegrationDao  : Executing query:
2018-06-22 11:31:52.463  INFO 26480 --- [http-nio-8090-exec-7] b.c.dbintegrationapi.dao.IntegrationDao  : null:ritz:root
2018-06-22 11:31:52.463  INFO 26480 --- [http-nio-8090-exec-7] b.c.dbintegrationapi.dao.IntegrationDao  : select * from feriado
2018-06-22 11:31:53.665  INFO 26480 --- [http-nio-8090-exec-7] b.c.dbintegrationapi.dao.IntegrationDao  : listNonWorkdays: [NonWorkdays [dateNonWorkday=2018-05-01, description=Dia Trabalho], NonWorkdays [dateNonWorkday=2018-05-06, description=Domingo], NonWorkdays [dateNonWorkday=2018-05-13, description=Domingo], NonWorkdays [dateNonWorkday=2018-05-20, description=Domingo], NonWorkdays [dateNonWorkday=2018-05-27, description=Domingo], NonWorkdays [dateNonWorkday=2018-05-31, description=Corpus Crist]]
2018-06-22 11:33:03.755  INFO 26480 --- [Thread-6] ationConfigEmbeddedWebApplicationContext : Closing org.springframework.boot.context.embedded.AnnotationConfigEmbeddedWebApplicationContext@4fabb0ca: startup date [Fri Jun 22 11:29:30 BRT 2018]; root of context hierarchy
2018-06-22 11:33:03.762  INFO 26480 --- [Thread-6] o.s.j.e.a.AnnotationMBeanExporter        : Unregistering JMX-exposed beans on shutdown
2018-06-22 11:33:04.060  INFO 26480 --- [restartedMain] b.c.d.WdbintegrationApiApplication       : Starting WdbintegrationApiApplication on UDI-H6SGQM2 with PID 26480 (C:\Everis\workspace\stsbundle\wdbintegration-api\target\classes started by wborgesa in C:\Everis\workspace\stsbundle\wdbintegration-api)
2018-06-22 11:33:04.060  INFO 26480 --- [restartedMain] b.c.d.WdbintegrationApiApplication       : No active profile set, falling back to default profiles: default
2018-06-22 11:33:04.064  INFO 26480 --- [restartedMain] ationConfigEmbeddedWebApplicationContext : Refreshing org.springframework.boot.context.embedded.AnnotationConfigEmbeddedWebApplicationContext@311de37b: startup date [Fri Jun 22 11:33:04 BRT 2018]; root of context hierarchy
2018-06-22 11:33:04.647  INFO 26480 --- [restartedMain] s.b.c.e.t.TomcatEmbeddedServletContainer : Tomcat initialized with port(s): 8090 (http)
2018-06-22 11:33:04.649  INFO 26480 --- [restartedMain] o.apache.catalina.core.StandardService   : Starting service [Tomcat]
2018-06-22 11:33:04.649  INFO 26480 --- [restartedMain] org.apache.catalina.core.StandardEngine  : Starting Servlet Engine: Apache Tomcat/8.5.29
2018-06-22 11:33:04.671  INFO 26480 --- [localhost-startStop-1] o.a.c.c.C.[Tomcat].[localhost].[/]       : Initializing Spring embedded WebApplicationContext
2018-06-22 11:33:04.672  INFO 26480 --- [localhost-startStop-1] o.s.web.context.ContextLoader            : Root WebApplicationContext: initialization completed in 609 ms
2018-06-22 11:33:04.714  INFO 26480 --- [localhost-startStop-1] o.s.b.w.servlet.ServletRegistrationBean  : Mapping servlet: 'dispatcherServlet' to [/]
2018-06-22 11:33:04.715  INFO 26480 --- [localhost-startStop-1] o.s.b.w.servlet.FilterRegistrationBean   : Mapping filter: 'characterEncodingFilter' to: [/*]
2018-06-22 11:33:04.715  INFO 26480 --- [localhost-startStop-1] o.s.b.w.servlet.FilterRegistrationBean   : Mapping filter: 'hiddenHttpMethodFilter' to: [/*]
2018-06-22 11:33:04.715  INFO 26480 --- [localhost-startStop-1] o.s.b.w.servlet.FilterRegistrationBean   : Mapping filter: 'httpPutFormContentFilter' to: [/*]
2018-06-22 11:33:04.715  INFO 26480 --- [localhost-startStop-1] o.s.b.w.servlet.FilterRegistrationBean   : Mapping filter: 'requestContextFilter' to: [/*]
2018-06-22 11:33:04.864  INFO 26480 --- [restartedMain] s.w.s.m.m.a.RequestMappingHandlerAdapter : Looking for @ControllerAdvice: org.springframework.boot.context.embedded.AnnotationConfigEmbeddedWebApplicationContext@311de37b: startup date [Fri Jun 22 11:33:04 BRT 2018]; root of context hierarchy
2018-06-22 11:33:04.931  INFO 26480 --- [restartedMain] s.w.s.m.m.a.RequestMappingHandlerMapping : Mapped "{[/object/supplier],methods=[POST]}" onto public java.util.List<br.com.library.wlibrary.att.Supplier> br.com.dbintegrationapi.resource.ObjectResource.supplier(br.com.library.wlibrary.core.DataQuery)
2018-06-22 11:33:04.932  INFO 26480 --- [restartedMain] s.w.s.m.m.a.RequestMappingHandlerMapping : Mapped "{[/object],methods=[GET]}" onto public org.springframework.http.ResponseEntity<?> br.com.dbintegrationapi.resource.ObjectResource.getDataQuery()
2018-06-22 11:33:04.932  INFO 26480 --- [restartedMain] s.w.s.m.m.a.RequestMappingHandlerMapping : Mapped "{[/object/payment],methods=[POST]}" onto public org.springframework.http.ResponseEntity<?> br.com.dbintegrationapi.resource.ObjectResource.payment(br.com.library.wlibrary.core.DataQuery)
2018-06-22 11:33:04.933  INFO 26480 --- [restartedMain] s.w.s.m.m.a.RequestMappingHandlerMapping : Mapped "{[/object/salesman],methods=[POST]}" onto public java.util.List<br.com.library.wlibrary.att.Salesman> br.com.dbintegrationapi.resource.ObjectResource.salesman(br.com.library.wlibrary.core.DataQuery)
2018-06-22 11:33:04.933  INFO 26480 --- [restartedMain] s.w.s.m.m.a.RequestMappingHandlerMapping : Mapped "{[/object/nonWorkdays],methods=[POST]}" onto public java.util.List<br.com.library.wlibrary.att.NonWorkdays> br.com.dbintegrationapi.resource.ObjectResource.nonWorkdays(br.com.library.wlibrary.core.DataQuery)
2018-06-22 11:33:04.934  INFO 26480 --- [restartedMain] s.w.s.m.m.a.RequestMappingHandlerMapping : Mapped "{[/object/comission],methods=[POST]}" onto public org.springframework.http.ResponseEntity<?> br.com.dbintegrationapi.resource.ObjectResource.comission(br.com.library.wlibrary.core.DataQuery)
2018-06-22 11:33:04.937  INFO 26480 --- [restartedMain] s.w.s.m.m.a.RequestMappingHandlerMapping : Mapped "{[/error]}" onto public org.springframework.http.ResponseEntity<java.util.Map<java.lang.String, java.lang.Object>> org.springframework.boot.autoconfigure.web.BasicErrorController.error(javax.servlet.http.HttpServletRequest)
2018-06-22 11:33:04.938  INFO 26480 --- [restartedMain] s.w.s.m.m.a.RequestMappingHandlerMapping : Mapped "{[/error],produces=[text/html]}" onto public org.springframework.web.servlet.ModelAndView org.springframework.boot.autoconfigure.web.BasicErrorController.errorHtml(javax.servlet.http.HttpServletRequest,javax.servlet.http.HttpServletResponse)
2018-06-22 11:33:04.953  INFO 26480 --- [restartedMain] o.s.w.s.handler.SimpleUrlHandlerMapping  : Mapped URL path [/webjars/**] onto handler of type [class org.springframework.web.servlet.resource.ResourceHttpRequestHandler]
2018-06-22 11:33:04.953  INFO 26480 --- [restartedMain] o.s.w.s.handler.SimpleUrlHandlerMapping  : Mapped URL path [/**] onto handler of type [class org.springframework.web.servlet.resource.ResourceHttpRequestHandler]
2018-06-22 11:33:04.978  INFO 26480 --- [restartedMain] o.s.w.s.handler.SimpleUrlHandlerMapping  : Mapped URL path [/**/favicon.ico] onto handler of type [class org.springframework.web.servlet.resource.ResourceHttpRequestHandler]
2018-06-22 11:33:05.030  INFO 26480 --- [restartedMain] o.s.b.d.a.OptionalLiveReloadServer       : LiveReload server is running on port 35729
2018-06-22 11:33:05.128  INFO 26480 --- [restartedMain] o.s.j.e.a.AnnotationMBeanExporter        : Registering beans for JMX exposure on startup
2018-06-22 11:33:05.156  INFO 26480 --- [restartedMain] s.b.c.e.t.TomcatEmbeddedServletContainer : Tomcat started on port(s): 8090 (http)
2018-06-22 11:33:05.164  INFO 26480 --- [restartedMain] b.c.d.WdbintegrationApiApplication       : Started WdbintegrationApiApplication in 1.147 seconds (JVM running for 216.02)
2018-06-22 11:33:06.498  INFO 26480 --- [Thread-10] ationConfigEmbeddedWebApplicationContext : Closing org.springframework.boot.context.embedded.AnnotationConfigEmbeddedWebApplicationContext@311de37b: startup date [Fri Jun 22 11:33:04 BRT 2018]; root of context hierarchy
2018-06-22 11:33:06.506  INFO 26480 --- [Thread-10] o.s.j.e.a.AnnotationMBeanExporter        : Unregistering JMX-exposed beans on shutdown
2018-06-22 11:33:06.859  INFO 26480 --- [restartedMain] b.c.d.WdbintegrationApiApplication       : Starting WdbintegrationApiApplication on UDI-H6SGQM2 with PID 26480 (C:\Everis\workspace\stsbundle\wdbintegration-api\target\classes started by wborgesa in C:\Everis\workspace\stsbundle\wdbintegration-api)
2018-06-22 11:33:06.860  INFO 26480 --- [restartedMain] b.c.d.WdbintegrationApiApplication       : No active profile set, falling back to default profiles: default
2018-06-22 11:33:06.863  INFO 26480 --- [restartedMain] ationConfigEmbeddedWebApplicationContext : Refreshing org.springframework.boot.context.embedded.AnnotationConfigEmbeddedWebApplicationContext@29646aeb: startup date [Fri Jun 22 11:33:06 BRT 2018]; root of context hierarchy
2018-06-22 11:33:07.296  INFO 26480 --- [restartedMain] s.b.c.e.t.TomcatEmbeddedServletContainer : Tomcat initialized with port(s): 8090 (http)
2018-06-22 11:33:07.297  INFO 26480 --- [restartedMain] o.apache.catalina.core.StandardService   : Starting service [Tomcat]
2018-06-22 11:33:07.298  INFO 26480 --- [restartedMain] org.apache.catalina.core.StandardEngine  : Starting Servlet Engine: Apache Tomcat/8.5.29
2018-06-22 11:33:07.325  INFO 26480 --- [localhost-startStop-1] o.a.c.c.C.[Tomcat].[localhost].[/]       : Initializing Spring embedded WebApplicationContext
2018-06-22 11:33:07.325  INFO 26480 --- [localhost-startStop-1] o.s.web.context.ContextLoader            : Root WebApplicationContext: initialization completed in 462 ms
2018-06-22 11:33:07.353  INFO 26480 --- [localhost-startStop-1] o.s.b.w.servlet.ServletRegistrationBean  : Mapping servlet: 'dispatcherServlet' to [/]
2018-06-22 11:33:07.353  INFO 26480 --- [localhost-startStop-1] o.s.b.w.servlet.FilterRegistrationBean   : Mapping filter: 'characterEncodingFilter' to: [/*]
2018-06-22 11:33:07.353  INFO 26480 --- [localhost-startStop-1] o.s.b.w.servlet.FilterRegistrationBean   : Mapping filter: 'hiddenHttpMethodFilter' to: [/*]
2018-06-22 11:33:07.354  INFO 26480 --- [localhost-startStop-1] o.s.b.w.servlet.FilterRegistrationBean   : Mapping filter: 'httpPutFormContentFilter' to: [/*]
2018-06-22 11:33:07.354  INFO 26480 --- [localhost-startStop-1] o.s.b.w.servlet.FilterRegistrationBean   : Mapping filter: 'requestContextFilter' to: [/*]
2018-06-22 11:33:07.460  INFO 26480 --- [restartedMain] s.w.s.m.m.a.RequestMappingHandlerAdapter : Looking for @ControllerAdvice: org.springframework.boot.context.embedded.AnnotationConfigEmbeddedWebApplicationContext@29646aeb: startup date [Fri Jun 22 11:33:06 BRT 2018]; root of context hierarchy
2018-06-22 11:33:07.476  INFO 26480 --- [restartedMain] s.w.s.m.m.a.RequestMappingHandlerMapping : Mapped "{[/object/supplier],methods=[POST]}" onto public java.util.List<br.com.library.wlibrary.att.Supplier> br.com.dbintegrationapi.resource.ObjectResource.supplier(br.com.library.wlibrary.core.DataQuery)
2018-06-22 11:33:07.476  INFO 26480 --- [restartedMain] s.w.s.m.m.a.RequestMappingHandlerMapping : Mapped "{[/object],methods=[GET]}" onto public org.springframework.http.ResponseEntity<?> br.com.dbintegrationapi.resource.ObjectResource.getDataQuery()
2018-06-22 11:33:07.477  INFO 26480 --- [restartedMain] s.w.s.m.m.a.RequestMappingHandlerMapping : Mapped "{[/object/payment],methods=[POST]}" onto public org.springframework.http.ResponseEntity<?> br.com.dbintegrationapi.resource.ObjectResource.payment(br.com.library.wlibrary.core.DataQuery)
2018-06-22 11:33:07.477  INFO 26480 --- [restartedMain] s.w.s.m.m.a.RequestMappingHandlerMapping : Mapped "{[/object/salesman],methods=[POST]}" onto public java.util.List<br.com.library.wlibrary.att.Salesman> br.com.dbintegrationapi.resource.ObjectResource.salesman(br.com.library.wlibrary.core.DataQuery)
2018-06-22 11:33:07.478  INFO 26480 --- [restartedMain] s.w.s.m.m.a.RequestMappingHandlerMapping : Mapped "{[/object/nonWorkdays],methods=[POST]}" onto public java.util.List<br.com.library.wlibrary.att.NonWorkdays> br.com.dbintegrationapi.resource.ObjectResource.nonWorkdays(br.com.library.wlibrary.core.DataQuery)
2018-06-22 11:33:07.478  INFO 26480 --- [restartedMain] s.w.s.m.m.a.RequestMappingHandlerMapping : Mapped "{[/object/comission],methods=[POST]}" onto public org.springframework.http.ResponseEntity<?> br.com.dbintegrationapi.resource.ObjectResource.comission(br.com.library.wlibrary.core.DataQuery)
2018-06-22 11:33:07.479  INFO 26480 --- [restartedMain] s.w.s.m.m.a.RequestMappingHandlerMapping : Mapped "{[/error]}" onto public org.springframework.http.ResponseEntity<java.util.Map<java.lang.String, java.lang.Object>> org.springframework.boot.autoconfigure.web.BasicErrorController.error(javax.servlet.http.HttpServletRequest)
2018-06-22 11:33:07.480  INFO 26480 --- [restartedMain] s.w.s.m.m.a.RequestMappingHandlerMapping : Mapped "{[/error],produces=[text/html]}" onto public org.springframework.web.servlet.ModelAndView org.springframework.boot.autoconfigure.web.BasicErrorController.errorHtml(javax.servlet.http.HttpServletRequest,javax.servlet.http.HttpServletResponse)
2018-06-22 11:33:07.487  INFO 26480 --- [restartedMain] o.s.w.s.handler.SimpleUrlHandlerMapping  : Mapped URL path [/webjars/**] onto handler of type [class org.springframework.web.servlet.resource.ResourceHttpRequestHandler]
2018-06-22 11:33:07.488  INFO 26480 --- [restartedMain] o.s.w.s.handler.SimpleUrlHandlerMapping  : Mapped URL path [/**] onto handler of type [class org.springframework.web.servlet.resource.ResourceHttpRequestHandler]
2018-06-22 11:33:07.506  INFO 26480 --- [restartedMain] o.s.w.s.handler.SimpleUrlHandlerMapping  : Mapped URL path [/**/favicon.ico] onto handler of type [class org.springframework.web.servlet.resource.ResourceHttpRequestHandler]
2018-06-22 11:33:07.543  INFO 26480 --- [restartedMain] o.s.b.d.a.OptionalLiveReloadServer       : LiveReload server is running on port 35729
2018-06-22 11:33:07.585  INFO 26480 --- [restartedMain] o.s.j.e.a.AnnotationMBeanExporter        : Registering beans for JMX exposure on startup
2018-06-22 11:33:07.599  INFO 26480 --- [restartedMain] s.b.c.e.t.TomcatEmbeddedServletContainer : Tomcat started on port(s): 8090 (http)
2018-06-22 11:33:07.602  INFO 26480 --- [restartedMain] b.c.d.WdbintegrationApiApplication       : Started WdbintegrationApiApplication in 0.777 seconds (JVM running for 218.458)
2018-06-22 11:41:23.225  INFO 26480 --- [RMI TCP Connection(2)-127.0.0.1] inMXBeanRegistrar$SpringApplicationAdmin : Application shutdown requested.
2018-06-22 11:41:23.225  INFO 26480 --- [RMI TCP Connection(2)-127.0.0.1] ationConfigEmbeddedWebApplicationContext : Closing org.springframework.boot.context.embedded.AnnotationConfigEmbeddedWebApplicationContext@29646aeb: startup date [Fri Jun 22 11:33:06 BRT 2018]; root of context hierarchy
2018-06-22 11:41:23.227  INFO 26480 --- [RMI TCP Connection(2)-127.0.0.1] o.s.j.e.a.AnnotationMBeanExporter        : Unregistering JMX-exposed beans on shutdown
2018-06-22 11:41:39.288  INFO 20912 --- [restartedMain] b.c.d.WdbintegrationApiApplication       : Starting WdbintegrationApiApplication on UDI-H6SGQM2 with PID 20912 (C:\Everis\workspace\stsbundle\wdbintegration-api\target\classes started by wborgesa in C:\Everis\workspace\stsbundle\wdbintegration-api)
2018-06-22 11:41:39.289  INFO 20912 --- [restartedMain] b.c.d.WdbintegrationApiApplication       : No active profile set, falling back to default profiles: default
2018-06-22 11:41:39.374  INFO 20912 --- [restartedMain] ationConfigEmbeddedWebApplicationContext : Refreshing org.springframework.boot.context.embedded.AnnotationConfigEmbeddedWebApplicationContext@43e8ff29: startup date [Fri Jun 22 11:41:39 BRT 2018]; root of context hierarchy
2018-06-22 11:41:41.055  INFO 20912 --- [restartedMain] s.b.c.e.t.TomcatEmbeddedServletContainer : Tomcat initialized with port(s): 8090 (http)
2018-06-22 11:41:41.074  INFO 20912 --- [restartedMain] o.apache.catalina.core.StandardService   : Starting service [Tomcat]
2018-06-22 11:41:41.075  INFO 20912 --- [restartedMain] org.apache.catalina.core.StandardEngine  : Starting Servlet Engine: Apache Tomcat/8.5.29
2018-06-22 11:41:41.152  INFO 20912 --- [localhost-startStop-1] o.a.c.c.C.[Tomcat].[localhost].[/]       : Initializing Spring embedded WebApplicationContext
2018-06-22 11:41:41.152  INFO 20912 --- [localhost-startStop-1] o.s.web.context.ContextLoader            : Root WebApplicationContext: initialization completed in 1787 ms
2018-06-22 11:41:41.371  INFO 20912 --- [localhost-startStop-1] o.s.b.w.servlet.ServletRegistrationBean  : Mapping servlet: 'dispatcherServlet' to [/]
2018-06-22 11:41:41.375  INFO 20912 --- [localhost-startStop-1] o.s.b.w.servlet.FilterRegistrationBean   : Mapping filter: 'characterEncodingFilter' to: [/*]
2018-06-22 11:41:41.375  INFO 20912 --- [localhost-startStop-1] o.s.b.w.servlet.FilterRegistrationBean   : Mapping filter: 'hiddenHttpMethodFilter' to: [/*]
2018-06-22 11:41:41.376  INFO 20912 --- [localhost-startStop-1] o.s.b.w.servlet.FilterRegistrationBean   : Mapping filter: 'httpPutFormContentFilter' to: [/*]
2018-06-22 11:41:41.376  INFO 20912 --- [localhost-startStop-1] o.s.b.w.servlet.FilterRegistrationBean   : Mapping filter: 'requestContextFilter' to: [/*]
2018-06-22 11:41:41.879  INFO 20912 --- [restartedMain] s.w.s.m.m.a.RequestMappingHandlerAdapter : Looking for @ControllerAdvice: org.springframework.boot.context.embedded.AnnotationConfigEmbeddedWebApplicationContext@43e8ff29: startup date [Fri Jun 22 11:41:39 BRT 2018]; root of context hierarchy
2018-06-22 11:41:41.947  INFO 20912 --- [restartedMain] s.w.s.m.m.a.RequestMappingHandlerMapping : Mapped "{[/object/payment],methods=[POST]}" onto public org.springframework.http.ResponseEntity<?> br.com.dbintegrationapi.resource.ObjectResource.payment(br.com.library.wlibrary.core.DataQuery)
2018-06-22 11:41:41.948  INFO 20912 --- [restartedMain] s.w.s.m.m.a.RequestMappingHandlerMapping : Mapped "{[/object/salesman],methods=[POST]}" onto public java.util.List<br.com.library.wlibrary.att.Salesman> br.com.dbintegrationapi.resource.ObjectResource.salesman(br.com.library.wlibrary.core.DataQuery)
2018-06-22 11:41:41.948  INFO 20912 --- [restartedMain] s.w.s.m.m.a.RequestMappingHandlerMapping : Mapped "{[/object/comission],methods=[POST]}" onto public org.springframework.http.ResponseEntity<?> br.com.dbintegrationapi.resource.ObjectResource.comission(br.com.library.wlibrary.core.DataQuery)
2018-06-22 11:41:41.949  INFO 20912 --- [restartedMain] s.w.s.m.m.a.RequestMappingHandlerMapping : Mapped "{[/object/nonWorkdays],methods=[POST]}" onto public java.util.List<br.com.library.wlibrary.att.NonWorkdays> br.com.dbintegrationapi.resource.ObjectResource.nonWorkdays(br.com.library.wlibrary.core.DataQuery)
2018-06-22 11:41:41.949  INFO 20912 --- [restartedMain] s.w.s.m.m.a.RequestMappingHandlerMapping : Mapped "{[/object],methods=[GET]}" onto public org.springframework.http.ResponseEntity<?> br.com.dbintegrationapi.resource.ObjectResource.getDataQuery()
2018-06-22 11:41:41.949  INFO 20912 --- [restartedMain] s.w.s.m.m.a.RequestMappingHandlerMapping : Mapped "{[/object/supplier],methods=[POST]}" onto public java.util.List<br.com.library.wlibrary.att.Supplier> br.com.dbintegrationapi.resource.ObjectResource.supplier(br.com.library.wlibrary.core.DataQuery)
2018-06-22 11:41:41.951  INFO 20912 --- [restartedMain] s.w.s.m.m.a.RequestMappingHandlerMapping : Mapped "{[/error]}" onto public org.springframework.http.ResponseEntity<java.util.Map<java.lang.String, java.lang.Object>> org.springframework.boot.autoconfigure.web.BasicErrorController.error(javax.servlet.http.HttpServletRequest)
2018-06-22 11:41:41.952  INFO 20912 --- [restartedMain] s.w.s.m.m.a.RequestMappingHandlerMapping : Mapped "{[/error],produces=[text/html]}" onto public org.springframework.web.servlet.ModelAndView org.springframework.boot.autoconfigure.web.BasicErrorController.errorHtml(javax.servlet.http.HttpServletRequest,javax.servlet.http.HttpServletResponse)
2018-06-22 11:41:41.994  INFO 20912 --- [restartedMain] o.s.w.s.handler.SimpleUrlHandlerMapping  : Mapped URL path [/webjars/**] onto handler of type [class org.springframework.web.servlet.resource.ResourceHttpRequestHandler]
2018-06-22 11:41:41.994  INFO 20912 --- [restartedMain] o.s.w.s.handler.SimpleUrlHandlerMapping  : Mapped URL path [/**] onto handler of type [class org.springframework.web.servlet.resource.ResourceHttpRequestHandler]
2018-06-22 11:41:42.073  INFO 20912 --- [restartedMain] o.s.w.s.handler.SimpleUrlHandlerMapping  : Mapped URL path [/**/favicon.ico] onto handler of type [class org.springframework.web.servlet.resource.ResourceHttpRequestHandler]
2018-06-22 11:41:42.299  INFO 20912 --- [restartedMain] o.s.b.d.a.OptionalLiveReloadServer       : LiveReload server is running on port 35729
2018-06-22 11:41:42.429  INFO 20912 --- [restartedMain] o.s.j.e.a.AnnotationMBeanExporter        : Registering beans for JMX exposure on startup
2018-06-22 11:41:42.512  INFO 20912 --- [restartedMain] s.b.c.e.t.TomcatEmbeddedServletContainer : Tomcat started on port(s): 8090 (http)
2018-06-22 11:41:42.518  INFO 20912 --- [restartedMain] b.c.d.WdbintegrationApiApplication       : Started WdbintegrationApiApplication in 3.52 seconds (JVM running for 4.07)
2018-06-22 11:42:02.292  INFO 20912 --- [http-nio-8090-exec-1] o.a.c.c.C.[Tomcat].[localhost].[/]       : Initializing Spring FrameworkServlet 'dispatcherServlet'
2018-06-22 11:42:02.293  INFO 20912 --- [http-nio-8090-exec-1] o.s.web.servlet.DispatcherServlet        : FrameworkServlet 'dispatcherServlet': initialization started
2018-06-22 11:42:02.323  INFO 20912 --- [http-nio-8090-exec-1] o.s.web.servlet.DispatcherServlet        : FrameworkServlet 'dispatcherServlet': initialization completed in 30 ms
2018-06-22 11:42:02.405  INFO 20912 --- [http-nio-8090-exec-1] b.c.dbintegrationapi.dao.IntegrationDao  : java.vendor: Oracle Corporation
2018-06-22 11:42:02.405  INFO 20912 --- [http-nio-8090-exec-1] b.c.dbintegrationapi.dao.IntegrationDao  : java.vendor.url: http://java.oracle.com/
2018-06-22 11:42:02.406  INFO 20912 --- [http-nio-8090-exec-1] b.c.dbintegrationapi.dao.IntegrationDao  : java.version: 1.7.0_80
2018-06-22 11:42:02.406  INFO 20912 --- [http-nio-8090-exec-1] b.c.dbintegrationapi.dao.IntegrationDao  : sun.arch.data.model: 64
2018-06-22 11:42:02.406  INFO 20912 --- [http-nio-8090-exec-1] b.c.dbintegrationapi.dao.IntegrationDao  : Executing query:
2018-06-22 11:42:02.406  INFO 20912 --- [http-nio-8090-exec-1] b.c.dbintegrationapi.dao.IntegrationDao  : null:ritz:root
2018-06-22 11:42:02.406  INFO 20912 --- [http-nio-8090-exec-1] b.c.dbintegrationapi.dao.IntegrationDao  : select * from feriado
2018-06-22 11:42:03.528  INFO 20912 --- [http-nio-8090-exec-1] b.c.dbintegrationapi.dao.IntegrationDao  : listNonWorkdays: [NonWorkdays [dateNonWorkday=2018-05-01, description=Dia Trabalho], NonWorkdays [dateNonWorkday=2018-05-06, description=Domingo], NonWorkdays [dateNonWorkday=2018-05-13, description=Domingo], NonWorkdays [dateNonWorkday=2018-05-20, description=Domingo], NonWorkdays [dateNonWorkday=2018-05-27, description=Domingo], NonWorkdays [dateNonWorkday=2018-05-31, description=Corpus Crist]]
2018-06-22 11:54:05.616  INFO 20912 --- [http-nio-8090-exec-3] b.c.dbintegrationapi.dao.IntegrationDao  : java.vendor: Oracle Corporation
2018-06-22 11:54:05.616  INFO 20912 --- [http-nio-8090-exec-3] b.c.dbintegrationapi.dao.IntegrationDao  : java.vendor.url: http://java.oracle.com/
2018-06-22 11:54:05.616  INFO 20912 --- [http-nio-8090-exec-3] b.c.dbintegrationapi.dao.IntegrationDao  : java.version: 1.7.0_80
2018-06-22 11:54:05.616  INFO 20912 --- [http-nio-8090-exec-3] b.c.dbintegrationapi.dao.IntegrationDao  : sun.arch.data.model: 64
2018-06-22 11:54:05.616  INFO 20912 --- [http-nio-8090-exec-3] b.c.dbintegrationapi.dao.IntegrationDao  : Executing query:
2018-06-22 11:54:05.616  INFO 20912 --- [http-nio-8090-exec-3] b.c.dbintegrationapi.dao.IntegrationDao  : null:ritz:root
2018-06-22 11:54:05.616  INFO 20912 --- [http-nio-8090-exec-3] b.c.dbintegrationapi.dao.IntegrationDao  : select * from feriado
2018-06-22 11:54:06.743  INFO 20912 --- [http-nio-8090-exec-3] b.c.dbintegrationapi.dao.IntegrationDao  : listNonWorkdays: [NonWorkdays [dateNonWorkday=2018-05-01, description=Dia Trabalho], NonWorkdays [dateNonWorkday=2018-05-06, description=Domingo], NonWorkdays [dateNonWorkday=2018-05-13, description=Domingo], NonWorkdays [dateNonWorkday=2018-05-20, description=Domingo], NonWorkdays [dateNonWorkday=2018-05-27, description=Domingo], NonWorkdays [dateNonWorkday=2018-05-31, description=Corpus Crist]]
2018-06-22 11:55:46.807  INFO 20912 --- [http-nio-8090-exec-5] b.c.dbintegrationapi.dao.IntegrationDao  : java.vendor: Oracle Corporation
2018-06-22 11:55:46.807  INFO 20912 --- [http-nio-8090-exec-5] b.c.dbintegrationapi.dao.IntegrationDao  : java.vendor.url: http://java.oracle.com/
2018-06-22 11:55:46.808  INFO 20912 --- [http-nio-8090-exec-5] b.c.dbintegrationapi.dao.IntegrationDao  : java.version: 1.7.0_80
2018-06-22 11:55:46.808  INFO 20912 --- [http-nio-8090-exec-5] b.c.dbintegrationapi.dao.IntegrationDao  : sun.arch.data.model: 64
2018-06-22 11:55:46.808  INFO 20912 --- [http-nio-8090-exec-5] b.c.dbintegrationapi.dao.IntegrationDao  : Executing query:
2018-06-22 11:55:46.808  INFO 20912 --- [http-nio-8090-exec-5] b.c.dbintegrationapi.dao.IntegrationDao  : null:ritz:root
2018-06-22 11:55:46.808  INFO 20912 --- [http-nio-8090-exec-5] b.c.dbintegrationapi.dao.IntegrationDao  : select * from feriado
2018-06-22 11:55:47.926  INFO 20912 --- [http-nio-8090-exec-5] b.c.dbintegrationapi.dao.IntegrationDao  : listNonWorkdays: [NonWorkdays [dateNonWorkday=2018-05-01, description=Dia Trabalho], NonWorkdays [dateNonWorkday=2018-05-06, description=Domingo], NonWorkdays [dateNonWorkday=2018-05-13, description=Domingo], NonWorkdays [dateNonWorkday=2018-05-20, description=Domingo], NonWorkdays [dateNonWorkday=2018-05-27, description=Domingo], NonWorkdays [dateNonWorkday=2018-05-31, description=Corpus Crist]]
2018-06-22 11:59:14.408  INFO 20912 --- [Thread-6] ationConfigEmbeddedWebApplicationContext : Closing org.springframework.boot.context.embedded.AnnotationConfigEmbeddedWebApplicationContext@43e8ff29: startup date [Fri Jun 22 11:41:39 BRT 2018]; root of context hierarchy
2018-06-22 11:59:14.410  INFO 20912 --- [Thread-6] o.s.j.e.a.AnnotationMBeanExporter        : Unregistering JMX-exposed beans on shutdown
2018-06-22 11:59:14.752  INFO 20912 --- [restartedMain] b.c.d.WdbintegrationApiApplication       : Starting WdbintegrationApiApplication on UDI-H6SGQM2 with PID 20912 (C:\Everis\workspace\stsbundle\wdbintegration-api\target\classes started by wborgesa in C:\Everis\workspace\stsbundle\wdbintegration-api)
2018-06-22 11:59:14.752  INFO 20912 --- [restartedMain] b.c.d.WdbintegrationApiApplication       : No active profile set, falling back to default profiles: default
2018-06-22 11:59:14.755  INFO 20912 --- [restartedMain] ationConfigEmbeddedWebApplicationContext : Refreshing org.springframework.boot.context.embedded.AnnotationConfigEmbeddedWebApplicationContext@4b7185e8: startup date [Fri Jun 22 11:59:14 BRT 2018]; root of context hierarchy
2018-06-22 11:59:15.302  INFO 20912 --- [restartedMain] s.b.c.e.t.TomcatEmbeddedServletContainer : Tomcat initialized with port(s): 8090 (http)
2018-06-22 11:59:15.304  INFO 20912 --- [restartedMain] o.apache.catalina.core.StandardService   : Starting service [Tomcat]
2018-06-22 11:59:15.304  INFO 20912 --- [restartedMain] org.apache.catalina.core.StandardEngine  : Starting Servlet Engine: Apache Tomcat/8.5.29
2018-06-22 11:59:15.330  INFO 20912 --- [localhost-startStop-1] o.a.c.c.C.[Tomcat].[localhost].[/]       : Initializing Spring embedded WebApplicationContext
2018-06-22 11:59:15.331  INFO 20912 --- [localhost-startStop-1] o.s.web.context.ContextLoader            : Root WebApplicationContext: initialization completed in 576 ms
2018-06-22 11:59:15.405  INFO 20912 --- [localhost-startStop-1] o.s.b.w.servlet.ServletRegistrationBean  : Mapping servlet: 'dispatcherServlet' to [/]
2018-06-22 11:59:15.406  INFO 20912 --- [localhost-startStop-1] o.s.b.w.servlet.FilterRegistrationBean   : Mapping filter: 'characterEncodingFilter' to: [/*]
2018-06-22 11:59:15.407  INFO 20912 --- [localhost-startStop-1] o.s.b.w.servlet.FilterRegistrationBean   : Mapping filter: 'hiddenHttpMethodFilter' to: [/*]
2018-06-22 11:59:15.407  INFO 20912 --- [localhost-startStop-1] o.s.b.w.servlet.FilterRegistrationBean   : Mapping filter: 'httpPutFormContentFilter' to: [/*]
2018-06-22 11:59:15.412  INFO 20912 --- [localhost-startStop-1] o.s.b.w.servlet.FilterRegistrationBean   : Mapping filter: 'requestContextFilter' to: [/*]
2018-06-22 11:59:15.516  INFO 20912 --- [restartedMain] s.w.s.m.m.a.RequestMappingHandlerAdapter : Looking for @ControllerAdvice: org.springframework.boot.context.embedded.AnnotationConfigEmbeddedWebApplicationContext@4b7185e8: startup date [Fri Jun 22 11:59:14 BRT 2018]; root of context hierarchy
2018-06-22 11:59:15.528  INFO 20912 --- [restartedMain] s.w.s.m.m.a.RequestMappingHandlerMapping : Mapped "{[/object/payment],methods=[POST]}" onto public org.springframework.http.ResponseEntity<?> br.com.dbintegrationapi.resource.ObjectResource.payment(br.com.library.wlibrary.core.DataQuery)
2018-06-22 11:59:15.528  INFO 20912 --- [restartedMain] s.w.s.m.m.a.RequestMappingHandlerMapping : Mapped "{[/object/salesman],methods=[POST]}" onto public java.util.List<br.com.library.wlibrary.att.Salesman> br.com.dbintegrationapi.resource.ObjectResource.salesman(br.com.library.wlibrary.core.DataQuery)
2018-06-22 11:59:15.529  INFO 20912 --- [restartedMain] s.w.s.m.m.a.RequestMappingHandlerMapping : Mapped "{[/object/comission],methods=[POST]}" onto public org.springframework.http.ResponseEntity<?> br.com.dbintegrationapi.resource.ObjectResource.comission(br.com.library.wlibrary.core.DataQuery)
2018-06-22 11:59:15.529  INFO 20912 --- [restartedMain] s.w.s.m.m.a.RequestMappingHandlerMapping : Mapped "{[/object/nonWorkdays],methods=[POST]}" onto public java.util.List<br.com.library.wlibrary.att.NonWorkdays> br.com.dbintegrationapi.resource.ObjectResource.nonWorkdays(br.com.library.wlibrary.core.DataQuery)
2018-06-22 11:59:15.530  INFO 20912 --- [restartedMain] s.w.s.m.m.a.RequestMappingHandlerMapping : Mapped "{[/object],methods=[GET]}" onto public org.springframework.http.ResponseEntity<?> br.com.dbintegrationapi.resource.ObjectResource.getDataQuery()
2018-06-22 11:59:15.530  INFO 20912 --- [restartedMain] s.w.s.m.m.a.RequestMappingHandlerMapping : Mapped "{[/object/supplier],methods=[POST]}" onto public java.util.List<br.com.library.wlibrary.att.Supplier> br.com.dbintegrationapi.resource.ObjectResource.supplier(br.com.library.wlibrary.core.DataQuery)
2018-06-22 11:59:15.532  INFO 20912 --- [restartedMain] s.w.s.m.m.a.RequestMappingHandlerMapping : Mapped "{[/error]}" onto public org.springframework.http.ResponseEntity<java.util.Map<java.lang.String, java.lang.Object>> org.springframework.boot.autoconfigure.web.BasicErrorController.error(javax.servlet.http.HttpServletRequest)
2018-06-22 11:59:15.532  INFO 20912 --- [restartedMain] s.w.s.m.m.a.RequestMappingHandlerMapping : Mapped "{[/error],produces=[text/html]}" onto public org.springframework.web.servlet.ModelAndView org.springframework.boot.autoconfigure.web.BasicErrorController.errorHtml(javax.servlet.http.HttpServletRequest,javax.servlet.http.HttpServletResponse)
2018-06-22 11:59:15.539  INFO 20912 --- [restartedMain] o.s.w.s.handler.SimpleUrlHandlerMapping  : Mapped URL path [/webjars/**] onto handler of type [class org.springframework.web.servlet.resource.ResourceHttpRequestHandler]
2018-06-22 11:59:15.539  INFO 20912 --- [restartedMain] o.s.w.s.handler.SimpleUrlHandlerMapping  : Mapped URL path [/**] onto handler of type [class org.springframework.web.servlet.resource.ResourceHttpRequestHandler]
2018-06-22 11:59:15.554  INFO 20912 --- [restartedMain] o.s.w.s.handler.SimpleUrlHandlerMapping  : Mapped URL path [/**/favicon.ico] onto handler of type [class org.springframework.web.servlet.resource.ResourceHttpRequestHandler]
2018-06-22 11:59:15.602  INFO 20912 --- [restartedMain] o.s.b.d.a.OptionalLiveReloadServer       : LiveReload server is running on port 35729
2018-06-22 11:59:15.675  INFO 20912 --- [restartedMain] o.s.j.e.a.AnnotationMBeanExporter        : Registering beans for JMX exposure on startup
2018-06-22 11:59:15.686  INFO 20912 --- [restartedMain] s.b.c.e.t.TomcatEmbeddedServletContainer : Tomcat started on port(s): 8090 (http)
2018-06-22 11:59:15.689  INFO 20912 --- [restartedMain] b.c.d.WdbintegrationApiApplication       : Started WdbintegrationApiApplication in 0.98 seconds (JVM running for 1057.241)
2018-06-22 11:59:39.024  INFO 20912 --- [RMI TCP Connection(2)-127.0.0.1] inMXBeanRegistrar$SpringApplicationAdmin : Application shutdown requested.
2018-06-22 11:59:39.024  INFO 20912 --- [RMI TCP Connection(2)-127.0.0.1] ationConfigEmbeddedWebApplicationContext : Closing org.springframework.boot.context.embedded.AnnotationConfigEmbeddedWebApplicationContext@4b7185e8: startup date [Fri Jun 22 11:59:14 BRT 2018]; root of context hierarchy
2018-06-22 11:59:39.026  INFO 20912 --- [RMI TCP Connection(2)-127.0.0.1] o.s.j.e.a.AnnotationMBeanExporter        : Unregistering JMX-exposed beans on shutdown
2018-06-22 12:03:32.785  INFO 8360 --- [restartedMain] b.c.d.WdbintegrationApiApplication       : Starting WdbintegrationApiApplication on UDI-H6SGQM2 with PID 8360 (C:\Everis\workspace\stsbundle\wdbintegration-api\target\classes started by wborgesa in C:\Everis\workspace\stsbundle\wdbintegration-api)
2018-06-22 12:03:32.786  INFO 8360 --- [restartedMain] b.c.d.WdbintegrationApiApplication       : No active profile set, falling back to default profiles: default
2018-06-22 12:03:32.904  INFO 8360 --- [restartedMain] ationConfigEmbeddedWebApplicationContext : Refreshing org.springframework.boot.context.embedded.AnnotationConfigEmbeddedWebApplicationContext@43e8ff29: startup date [Fri Jun 22 12:03:32 BRT 2018]; root of context hierarchy
2018-06-22 12:03:34.477  INFO 8360 --- [restartedMain] s.b.c.e.t.TomcatEmbeddedServletContainer : Tomcat initialized with port(s): 8090 (http)
2018-06-22 12:03:34.497  INFO 8360 --- [restartedMain] o.apache.catalina.core.StandardService   : Starting service [Tomcat]
2018-06-22 12:03:34.497  INFO 8360 --- [restartedMain] org.apache.catalina.core.StandardEngine  : Starting Servlet Engine: Apache Tomcat/8.5.29
2018-06-22 12:03:34.592  INFO 8360 --- [localhost-startStop-1] o.a.c.c.C.[Tomcat].[localhost].[/]       : Initializing Spring embedded WebApplicationContext
2018-06-22 12:03:34.592  INFO 8360 --- [localhost-startStop-1] o.s.web.context.ContextLoader            : Root WebApplicationContext: initialization completed in 1691 ms
2018-06-22 12:03:34.783  INFO 8360 --- [localhost-startStop-1] o.s.b.w.servlet.ServletRegistrationBean  : Mapping servlet: 'dispatcherServlet' to [/]
2018-06-22 12:03:34.787  INFO 8360 --- [localhost-startStop-1] o.s.b.w.servlet.FilterRegistrationBean   : Mapping filter: 'characterEncodingFilter' to: [/*]
2018-06-22 12:03:34.787  INFO 8360 --- [localhost-startStop-1] o.s.b.w.servlet.FilterRegistrationBean   : Mapping filter: 'hiddenHttpMethodFilter' to: [/*]
2018-06-22 12:03:34.787  INFO 8360 --- [localhost-startStop-1] o.s.b.w.servlet.FilterRegistrationBean   : Mapping filter: 'httpPutFormContentFilter' to: [/*]
2018-06-22 12:03:34.788  INFO 8360 --- [localhost-startStop-1] o.s.b.w.servlet.FilterRegistrationBean   : Mapping filter: 'requestContextFilter' to: [/*]
2018-06-22 12:03:35.215  INFO 8360 --- [restartedMain] s.w.s.m.m.a.RequestMappingHandlerAdapter : Looking for @ControllerAdvice: org.springframework.boot.context.embedded.AnnotationConfigEmbeddedWebApplicationContext@43e8ff29: startup date [Fri Jun 22 12:03:32 BRT 2018]; root of context hierarchy
2018-06-22 12:03:35.285  INFO 8360 --- [restartedMain] s.w.s.m.m.a.RequestMappingHandlerMapping : Mapped "{[/object],methods=[GET]}" onto public org.springframework.http.ResponseEntity<?> br.com.dbintegrationapi.resource.ObjectResource.getDataQuery()
2018-06-22 12:03:35.288  INFO 8360 --- [restartedMain] s.w.s.m.m.a.RequestMappingHandlerMapping : Mapped "{[/object/supplier],methods=[POST]}" onto public java.util.List<br.com.library.wlibrary.att.Supplier> br.com.dbintegrationapi.resource.ObjectResource.supplier(br.com.library.wlibrary.core.DataQuery)
2018-06-22 12:03:35.288  INFO 8360 --- [restartedMain] s.w.s.m.m.a.RequestMappingHandlerMapping : Mapped "{[/object/nonWorkdays],methods=[POST]}" onto public java.util.List<br.com.library.wlibrary.att.NonWorkdays> br.com.dbintegrationapi.resource.ObjectResource.nonWorkdays(br.com.library.wlibrary.core.DataQuery)
2018-06-22 12:03:35.289  INFO 8360 --- [restartedMain] s.w.s.m.m.a.RequestMappingHandlerMapping : Mapped "{[/object/salesman],methods=[POST]}" onto public java.util.List<br.com.library.wlibrary.att.Salesman> br.com.dbintegrationapi.resource.ObjectResource.salesman(br.com.library.wlibrary.core.DataQuery)
2018-06-22 12:03:35.289  INFO 8360 --- [restartedMain] s.w.s.m.m.a.RequestMappingHandlerMapping : Mapped "{[/object/comission],methods=[POST]}" onto public org.springframework.http.ResponseEntity<?> br.com.dbintegrationapi.resource.ObjectResource.comission(br.com.library.wlibrary.core.DataQuery)
2018-06-22 12:03:35.290  INFO 8360 --- [restartedMain] s.w.s.m.m.a.RequestMappingHandlerMapping : Mapped "{[/object/payment],methods=[POST]}" onto public org.springframework.http.ResponseEntity<?> br.com.dbintegrationapi.resource.ObjectResource.payment(br.com.library.wlibrary.core.DataQuery)
2018-06-22 12:03:35.294  INFO 8360 --- [restartedMain] s.w.s.m.m.a.RequestMappingHandlerMapping : Mapped "{[/error]}" onto public org.springframework.http.ResponseEntity<java.util.Map<java.lang.String, java.lang.Object>> org.springframework.boot.autoconfigure.web.BasicErrorController.error(javax.servlet.http.HttpServletRequest)
2018-06-22 12:03:35.294  INFO 8360 --- [restartedMain] s.w.s.m.m.a.RequestMappingHandlerMapping : Mapped "{[/error],produces=[text/html]}" onto public org.springframework.web.servlet.ModelAndView org.springframework.boot.autoconfigure.web.BasicErrorController.errorHtml(javax.servlet.http.HttpServletRequest,javax.servlet.http.HttpServletResponse)
2018-06-22 12:03:35.345  INFO 8360 --- [restartedMain] o.s.w.s.handler.SimpleUrlHandlerMapping  : Mapped URL path [/webjars/**] onto handler of type [class org.springframework.web.servlet.resource.ResourceHttpRequestHandler]
2018-06-22 12:03:35.346  INFO 8360 --- [restartedMain] o.s.w.s.handler.SimpleUrlHandlerMapping  : Mapped URL path [/**] onto handler of type [class org.springframework.web.servlet.resource.ResourceHttpRequestHandler]
2018-06-22 12:03:35.446  INFO 8360 --- [restartedMain] o.s.w.s.handler.SimpleUrlHandlerMapping  : Mapped URL path [/**/favicon.ico] onto handler of type [class org.springframework.web.servlet.resource.ResourceHttpRequestHandler]
2018-06-22 12:03:35.760  INFO 8360 --- [restartedMain] o.s.b.d.a.OptionalLiveReloadServer       : LiveReload server is running on port 35729
2018-06-22 12:03:35.902  INFO 8360 --- [restartedMain] o.s.j.e.a.AnnotationMBeanExporter        : Registering beans for JMX exposure on startup
2018-06-22 12:03:36.001  INFO 8360 --- [restartedMain] s.b.c.e.t.TomcatEmbeddedServletContainer : Tomcat started on port(s): 8090 (http)
2018-06-22 12:03:36.011  INFO 8360 --- [restartedMain] b.c.d.WdbintegrationApiApplication       : Started WdbintegrationApiApplication in 3.514 seconds (JVM running for 4.109)
2018-06-22 12:04:31.899  INFO 8360 --- [http-nio-8090-exec-1] o.a.c.c.C.[Tomcat].[localhost].[/]       : Initializing Spring FrameworkServlet 'dispatcherServlet'
2018-06-22 12:04:31.899  INFO 8360 --- [http-nio-8090-exec-1] o.s.web.servlet.DispatcherServlet        : FrameworkServlet 'dispatcherServlet': initialization started
2018-06-22 12:04:31.940  INFO 8360 --- [http-nio-8090-exec-1] o.s.web.servlet.DispatcherServlet        : FrameworkServlet 'dispatcherServlet': initialization completed in 41 ms
2018-06-22 12:04:32.040  INFO 8360 --- [http-nio-8090-exec-1] b.c.dbintegrationapi.dao.IntegrationDao  : java.vendor: Oracle Corporation
2018-06-22 12:04:32.041  INFO 8360 --- [http-nio-8090-exec-1] b.c.dbintegrationapi.dao.IntegrationDao  : java.vendor.url: http://java.oracle.com/
2018-06-22 12:04:32.041  INFO 8360 --- [http-nio-8090-exec-1] b.c.dbintegrationapi.dao.IntegrationDao  : java.version: 1.7.0_80
2018-06-22 12:04:32.041  INFO 8360 --- [http-nio-8090-exec-1] b.c.dbintegrationapi.dao.IntegrationDao  : sun.arch.data.model: 64
2018-06-22 12:04:32.041  INFO 8360 --- [http-nio-8090-exec-1] b.c.dbintegrationapi.dao.IntegrationDao  : Executing query:
2018-06-22 12:04:32.041  INFO 8360 --- [http-nio-8090-exec-1] b.c.dbintegrationapi.dao.IntegrationDao  : null:ritz:root
2018-06-22 12:04:32.041  INFO 8360 --- [http-nio-8090-exec-1] b.c.dbintegrationapi.dao.IntegrationDao  : select * from feriado
2018-06-22 12:04:33.177  INFO 8360 --- [http-nio-8090-exec-1] b.c.dbintegrationapi.dao.IntegrationDao  : listNonWorkdays: [NonWorkdays [dateNonWorkday=2018-05-01, strDateNonWorkday=2018-05-01, description=Dia Trabalho], NonWorkdays [dateNonWorkday=2018-05-06, strDateNonWorkday=2018-05-06, description=Domingo], NonWorkdays [dateNonWorkday=2018-05-13, strDateNonWorkday=2018-05-13, description=Domingo], NonWorkdays [dateNonWorkday=2018-05-20, strDateNonWorkday=2018-05-20, description=Domingo], NonWorkdays [dateNonWorkday=2018-05-27, strDateNonWorkday=2018-05-27, description=Domingo], NonWorkdays [dateNonWorkday=2018-05-31, strDateNonWorkday=2018-05-31, description=Corpus Crist]]
2018-06-22 12:09:34.875  INFO 8360 --- [http-nio-8090-exec-3] b.c.dbintegrationapi.dao.IntegrationDao  : java.vendor: Oracle Corporation
2018-06-22 12:09:34.876  INFO 8360 --- [http-nio-8090-exec-3] b.c.dbintegrationapi.dao.IntegrationDao  : java.vendor.url: http://java.oracle.com/
2018-06-22 12:09:34.876  INFO 8360 --- [http-nio-8090-exec-3] b.c.dbintegrationapi.dao.IntegrationDao  : java.version: 1.7.0_80
2018-06-22 12:09:34.876  INFO 8360 --- [http-nio-8090-exec-3] b.c.dbintegrationapi.dao.IntegrationDao  : sun.arch.data.model: 64
2018-06-22 12:09:34.876  INFO 8360 --- [http-nio-8090-exec-3] b.c.dbintegrationapi.dao.IntegrationDao  : Executing query:
2018-06-22 12:09:34.876  INFO 8360 --- [http-nio-8090-exec-3] b.c.dbintegrationapi.dao.IntegrationDao  : null:ritz:root
2018-06-22 12:09:34.876  INFO 8360 --- [http-nio-8090-exec-3] b.c.dbintegrationapi.dao.IntegrationDao  : select * from feriado
2018-06-22 12:09:35.993  INFO 8360 --- [http-nio-8090-exec-3] b.c.dbintegrationapi.dao.IntegrationDao  : listNonWorkdays: [NonWorkdays [dateNonWorkday=2018-05-01, strDateNonWorkday=2018-05-01, description=Dia Trabalho], NonWorkdays [dateNonWorkday=2018-05-06, strDateNonWorkday=2018-05-06, description=Domingo], NonWorkdays [dateNonWorkday=2018-05-13, strDateNonWorkday=2018-05-13, description=Domingo], NonWorkdays [dateNonWorkday=2018-05-20, strDateNonWorkday=2018-05-20, description=Domingo], NonWorkdays [dateNonWorkday=2018-05-27, strDateNonWorkday=2018-05-27, description=Domingo], NonWorkdays [dateNonWorkday=2018-05-31, strDateNonWorkday=2018-05-31, description=Corpus Crist]]
2018-06-22 12:12:02.168  INFO 8360 --- [http-nio-8090-exec-5] b.c.dbintegrationapi.dao.IntegrationDao  : java.vendor: Oracle Corporation
2018-06-22 12:12:02.168  INFO 8360 --- [http-nio-8090-exec-5] b.c.dbintegrationapi.dao.IntegrationDao  : java.vendor.url: http://java.oracle.com/
2018-06-22 12:12:02.168  INFO 8360 --- [http-nio-8090-exec-5] b.c.dbintegrationapi.dao.IntegrationDao  : java.version: 1.7.0_80
2018-06-22 12:12:02.168  INFO 8360 --- [http-nio-8090-exec-5] b.c.dbintegrationapi.dao.IntegrationDao  : sun.arch.data.model: 64
2018-06-22 12:12:02.168  INFO 8360 --- [http-nio-8090-exec-5] b.c.dbintegrationapi.dao.IntegrationDao  : Executing query:
2018-06-22 12:12:02.168  INFO 8360 --- [http-nio-8090-exec-5] b.c.dbintegrationapi.dao.IntegrationDao  : null:ritz:root
2018-06-22 12:12:02.168  INFO 8360 --- [http-nio-8090-exec-5] b.c.dbintegrationapi.dao.IntegrationDao  : select * from feriado
2018-06-22 12:12:03.287  INFO 8360 --- [http-nio-8090-exec-5] b.c.dbintegrationapi.dao.IntegrationDao  : listNonWorkdays: [NonWorkdays [dateNonWorkday=2018-05-01, strDateNonWorkday=2018-05-01, description=Dia Trabalho], NonWorkdays [dateNonWorkday=2018-05-06, strDateNonWorkday=2018-05-06, description=Domingo], NonWorkdays [dateNonWorkday=2018-05-13, strDateNonWorkday=2018-05-13, description=Domingo], NonWorkdays [dateNonWorkday=2018-05-20, strDateNonWorkday=2018-05-20, description=Domingo], NonWorkdays [dateNonWorkday=2018-05-27, strDateNonWorkday=2018-05-27, description=Domingo], NonWorkdays [dateNonWorkday=2018-05-31, strDateNonWorkday=2018-05-31, description=Corpus Crist]]
2018-06-22 12:16:42.118  INFO 8360 --- [http-nio-8090-exec-7] b.c.dbintegrationapi.dao.IntegrationDao  : java.vendor: Oracle Corporation
2018-06-22 12:16:42.119  INFO 8360 --- [http-nio-8090-exec-7] b.c.dbintegrationapi.dao.IntegrationDao  : java.vendor.url: http://java.oracle.com/
2018-06-22 12:16:42.119  INFO 8360 --- [http-nio-8090-exec-7] b.c.dbintegrationapi.dao.IntegrationDao  : java.version: 1.7.0_80
2018-06-22 12:16:42.119  INFO 8360 --- [http-nio-8090-exec-7] b.c.dbintegrationapi.dao.IntegrationDao  : sun.arch.data.model: 64
2018-06-22 12:16:42.119  INFO 8360 --- [http-nio-8090-exec-7] b.c.dbintegrationapi.dao.IntegrationDao  : Executing query:
2018-06-22 12:16:42.119  INFO 8360 --- [http-nio-8090-exec-7] b.c.dbintegrationapi.dao.IntegrationDao  : null:ritz:root
2018-06-22 12:16:42.119  INFO 8360 --- [http-nio-8090-exec-7] b.c.dbintegrationapi.dao.IntegrationDao  : select * from feriado
2018-06-22 12:16:43.236  INFO 8360 --- [http-nio-8090-exec-7] b.c.dbintegrationapi.dao.IntegrationDao  : listNonWorkdays: [NonWorkdays [dateNonWorkday=2018-05-01, strDateNonWorkday=2018-05-01, description=Dia Trabalho], NonWorkdays [dateNonWorkday=2018-05-06, strDateNonWorkday=2018-05-06, description=Domingo], NonWorkdays [dateNonWorkday=2018-05-13, strDateNonWorkday=2018-05-13, description=Domingo], NonWorkdays [dateNonWorkday=2018-05-20, strDateNonWorkday=2018-05-20, description=Domingo], NonWorkdays [dateNonWorkday=2018-05-27, strDateNonWorkday=2018-05-27, description=Domingo], NonWorkdays [dateNonWorkday=2018-05-31, strDateNonWorkday=2018-05-31, description=Corpus Crist]]
2018-06-22 12:18:33.582  INFO 8360 --- [http-nio-8090-exec-9] b.c.dbintegrationapi.dao.IntegrationDao  : java.vendor: Oracle Corporation
2018-06-22 12:18:33.582  INFO 8360 --- [http-nio-8090-exec-9] b.c.dbintegrationapi.dao.IntegrationDao  : java.vendor.url: http://java.oracle.com/
2018-06-22 12:18:33.582  INFO 8360 --- [http-nio-8090-exec-9] b.c.dbintegrationapi.dao.IntegrationDao  : java.version: 1.7.0_80
2018-06-22 12:18:33.582  INFO 8360 --- [http-nio-8090-exec-9] b.c.dbintegrationapi.dao.IntegrationDao  : sun.arch.data.model: 64
2018-06-22 12:18:33.583  INFO 8360 --- [http-nio-8090-exec-9] b.c.dbintegrationapi.dao.IntegrationDao  : Executing query:
2018-06-22 12:18:33.583  INFO 8360 --- [http-nio-8090-exec-9] b.c.dbintegrationapi.dao.IntegrationDao  : null:ritz:root
2018-06-22 12:18:33.583  INFO 8360 --- [http-nio-8090-exec-9] b.c.dbintegrationapi.dao.IntegrationDao  : select * from feriado
2018-06-22 12:18:34.704  INFO 8360 --- [http-nio-8090-exec-9] b.c.dbintegrationapi.dao.IntegrationDao  : listNonWorkdays: [NonWorkdays [dateNonWorkday=2018-05-01, strDateNonWorkday=2018-05-01, description=Dia Trabalho], NonWorkdays [dateNonWorkday=2018-05-06, strDateNonWorkday=2018-05-06, description=Domingo], NonWorkdays [dateNonWorkday=2018-05-13, strDateNonWorkday=2018-05-13, description=Domingo], NonWorkdays [dateNonWorkday=2018-05-20, strDateNonWorkday=2018-05-20, description=Domingo], NonWorkdays [dateNonWorkday=2018-05-27, strDateNonWorkday=2018-05-27, description=Domingo], NonWorkdays [dateNonWorkday=2018-05-31, strDateNonWorkday=2018-05-31, description=Corpus Crist]]
2018-06-22 12:30:46.359  INFO 8360 --- [http-nio-8090-exec-1] b.c.dbintegrationapi.dao.IntegrationDao  : java.vendor: Oracle Corporation
2018-06-22 12:30:46.359  INFO 8360 --- [http-nio-8090-exec-1] b.c.dbintegrationapi.dao.IntegrationDao  : java.vendor.url: http://java.oracle.com/
2018-06-22 12:30:46.359  INFO 8360 --- [http-nio-8090-exec-1] b.c.dbintegrationapi.dao.IntegrationDao  : java.version: 1.7.0_80
2018-06-22 12:30:46.359  INFO 8360 --- [http-nio-8090-exec-1] b.c.dbintegrationapi.dao.IntegrationDao  : sun.arch.data.model: 64
2018-06-22 12:30:46.360  INFO 8360 --- [http-nio-8090-exec-1] b.c.dbintegrationapi.dao.IntegrationDao  : Executing query:
2018-06-22 12:30:46.360  INFO 8360 --- [http-nio-8090-exec-1] b.c.dbintegrationapi.dao.IntegrationDao  : null:ritz:root
2018-06-22 12:30:46.360  INFO 8360 --- [http-nio-8090-exec-1] b.c.dbintegrationapi.dao.IntegrationDao  : select * from feriado
2018-06-22 12:30:47.477  INFO 8360 --- [http-nio-8090-exec-1] b.c.dbintegrationapi.dao.IntegrationDao  : listNonWorkdays: [NonWorkdays [dateNonWorkday=2018-05-01, strDateNonWorkday=2018-05-01, description=Dia Trabalho], NonWorkdays [dateNonWorkday=2018-05-06, strDateNonWorkday=2018-05-06, description=Domingo], NonWorkdays [dateNonWorkday=2018-05-13, strDateNonWorkday=2018-05-13, description=Domingo], NonWorkdays [dateNonWorkday=2018-05-20, strDateNonWorkday=2018-05-20, description=Domingo], NonWorkdays [dateNonWorkday=2018-05-27, strDateNonWorkday=2018-05-27, description=Domingo], NonWorkdays [dateNonWorkday=2018-05-31, strDateNonWorkday=2018-05-31, description=Corpus Crist]]
2018-06-22 14:11:42.280  INFO 8360 --- [http-nio-8090-exec-3] b.c.dbintegrationapi.dao.IntegrationDao  : java.vendor: Oracle Corporation
2018-06-22 14:11:42.280  INFO 8360 --- [http-nio-8090-exec-3] b.c.dbintegrationapi.dao.IntegrationDao  : java.vendor.url: http://java.oracle.com/
2018-06-22 14:11:42.281  INFO 8360 --- [http-nio-8090-exec-3] b.c.dbintegrationapi.dao.IntegrationDao  : java.version: 1.7.0_80
2018-06-22 14:11:42.281  INFO 8360 --- [http-nio-8090-exec-3] b.c.dbintegrationapi.dao.IntegrationDao  : sun.arch.data.model: 64
2018-06-22 14:11:42.281  INFO 8360 --- [http-nio-8090-exec-3] b.c.dbintegrationapi.dao.IntegrationDao  : Executing query:
2018-06-22 14:11:42.281  INFO 8360 --- [http-nio-8090-exec-3] b.c.dbintegrationapi.dao.IntegrationDao  : null:ritz:root
2018-06-22 14:11:42.281  INFO 8360 --- [http-nio-8090-exec-3] b.c.dbintegrationapi.dao.IntegrationDao  : select * from feriado
2018-06-22 14:11:43.387  INFO 8360 --- [http-nio-8090-exec-3] b.c.dbintegrationapi.dao.IntegrationDao  : listNonWorkdays: [NonWorkdays [dateNonWorkday=2018-05-01, strDateNonWorkday=2018-05-01, description=Dia Trabalho], NonWorkdays [dateNonWorkday=2018-05-06, strDateNonWorkday=2018-05-06, description=Domingo], NonWorkdays [dateNonWorkday=2018-05-13, strDateNonWorkday=2018-05-13, description=Domingo], NonWorkdays [dateNonWorkday=2018-05-20, strDateNonWorkday=2018-05-20, description=Domingo], NonWorkdays [dateNonWorkday=2018-05-27, strDateNonWorkday=2018-05-27, description=Domingo], NonWorkdays [dateNonWorkday=2018-05-31, strDateNonWorkday=2018-05-31, description=Corpus Crist]]
2018-06-22 14:37:45.524  INFO 8360 --- [http-nio-8090-exec-5] b.c.dbintegrationapi.dao.IntegrationDao  : java.vendor: Oracle Corporation
2018-06-22 14:37:45.524  INFO 8360 --- [http-nio-8090-exec-5] b.c.dbintegrationapi.dao.IntegrationDao  : java.vendor.url: http://java.oracle.com/
2018-06-22 14:37:45.525  INFO 8360 --- [http-nio-8090-exec-5] b.c.dbintegrationapi.dao.IntegrationDao  : java.version: 1.7.0_80
2018-06-22 14:37:45.525  INFO 8360 --- [http-nio-8090-exec-5] b.c.dbintegrationapi.dao.IntegrationDao  : sun.arch.data.model: 64
2018-06-22 14:37:45.525  INFO 8360 --- [http-nio-8090-exec-5] b.c.dbintegrationapi.dao.IntegrationDao  : Executing query:
2018-06-22 14:37:45.525  INFO 8360 --- [http-nio-8090-exec-5] b.c.dbintegrationapi.dao.IntegrationDao  : null:ritz:root
2018-06-22 14:37:45.525  INFO 8360 --- [http-nio-8090-exec-5] b.c.dbintegrationapi.dao.IntegrationDao  : select * from feriado
2018-06-22 14:37:46.652  INFO 8360 --- [http-nio-8090-exec-5] b.c.dbintegrationapi.dao.IntegrationDao  : listNonWorkdays: [NonWorkdays [dateNonWorkday=2018-05-01, strDateNonWorkday=2018-05-01, description=Dia Trabalho], NonWorkdays [dateNonWorkday=2018-05-06, strDateNonWorkday=2018-05-06, description=Domingo], NonWorkdays [dateNonWorkday=2018-05-13, strDateNonWorkday=2018-05-13, description=Domingo], NonWorkdays [dateNonWorkday=2018-05-20, strDateNonWorkday=2018-05-20, description=Domingo], NonWorkdays [dateNonWorkday=2018-05-27, strDateNonWorkday=2018-05-27, description=Domingo], NonWorkdays [dateNonWorkday=2018-05-31, strDateNonWorkday=2018-05-31, description=Corpus Crist]]
2018-06-22 14:54:39.374  INFO 8360 --- [Thread-6] ationConfigEmbeddedWebApplicationContext : Closing org.springframework.boot.context.embedded.AnnotationConfigEmbeddedWebApplicationContext@43e8ff29: startup date [Fri Jun 22 12:03:32 BRT 2018]; root of context hierarchy
2018-06-22 14:54:39.377  INFO 8360 --- [Thread-6] o.s.j.e.a.AnnotationMBeanExporter        : Unregistering JMX-exposed beans on shutdown
2018-06-22 14:54:39.702  INFO 8360 --- [restartedMain] b.c.d.WdbintegrationApiApplication       : Starting WdbintegrationApiApplication on UDI-H6SGQM2 with PID 8360 (C:\Everis\workspace\stsbundle\wdbintegration-api\target\classes started by wborgesa in C:\Everis\workspace\stsbundle\wdbintegration-api)
2018-06-22 14:54:39.702  INFO 8360 --- [restartedMain] b.c.d.WdbintegrationApiApplication       : No active profile set, falling back to default profiles: default
2018-06-22 14:54:39.706  INFO 8360 --- [restartedMain] ationConfigEmbeddedWebApplicationContext : Refreshing org.springframework.boot.context.embedded.AnnotationConfigEmbeddedWebApplicationContext@18ffc424: startup date [Fri Jun 22 14:54:39 BRT 2018]; root of context hierarchy
2018-06-22 14:54:40.405  INFO 8360 --- [restartedMain] s.b.c.e.t.TomcatEmbeddedServletContainer : Tomcat initialized with port(s): 8090 (http)
2018-06-22 14:54:40.407  INFO 8360 --- [restartedMain] o.apache.catalina.core.StandardService   : Starting service [Tomcat]
2018-06-22 14:54:40.407  INFO 8360 --- [restartedMain] org.apache.catalina.core.StandardEngine  : Starting Servlet Engine: Apache Tomcat/8.5.29
2018-06-22 14:54:40.432  INFO 8360 --- [localhost-startStop-1] o.a.c.c.C.[Tomcat].[localhost].[/]       : Initializing Spring embedded WebApplicationContext
2018-06-22 14:54:40.433  INFO 8360 --- [localhost-startStop-1] o.s.web.context.ContextLoader            : Root WebApplicationContext: initialization completed in 727 ms
2018-06-22 14:54:40.486  INFO 8360 --- [localhost-startStop-1] o.s.b.w.servlet.ServletRegistrationBean  : Mapping servlet: 'dispatcherServlet' to [/]
2018-06-22 14:54:40.487  INFO 8360 --- [localhost-startStop-1] o.s.b.w.servlet.FilterRegistrationBean   : Mapping filter: 'characterEncodingFilter' to: [/*]
2018-06-22 14:54:40.488  INFO 8360 --- [localhost-startStop-1] o.s.b.w.servlet.FilterRegistrationBean   : Mapping filter: 'hiddenHttpMethodFilter' to: [/*]
2018-06-22 14:54:40.488  INFO 8360 --- [localhost-startStop-1] o.s.b.w.servlet.FilterRegistrationBean   : Mapping filter: 'httpPutFormContentFilter' to: [/*]
2018-06-22 14:54:40.489  INFO 8360 --- [localhost-startStop-1] o.s.b.w.servlet.FilterRegistrationBean   : Mapping filter: 'requestContextFilter' to: [/*]
2018-06-22 14:54:40.640  INFO 8360 --- [restartedMain] s.w.s.m.m.a.RequestMappingHandlerAdapter : Looking for @ControllerAdvice: org.springframework.boot.context.embedded.AnnotationConfigEmbeddedWebApplicationContext@18ffc424: startup date [Fri Jun 22 14:54:39 BRT 2018]; root of context hierarchy
2018-06-22 14:54:40.659  INFO 8360 --- [restartedMain] s.w.s.m.m.a.RequestMappingHandlerMapping : Mapped "{[/object],methods=[GET]}" onto public org.springframework.http.ResponseEntity<?> br.com.dbintegrationapi.resource.ObjectResource.getDataQuery()
2018-06-22 14:54:40.660  INFO 8360 --- [restartedMain] s.w.s.m.m.a.RequestMappingHandlerMapping : Mapped "{[/object/supplier],methods=[POST]}" onto public java.util.List<br.com.library.wlibrary.att.Supplier> br.com.dbintegrationapi.resource.ObjectResource.supplier(br.com.library.wlibrary.core.DataQuery)
2018-06-22 14:54:40.660  INFO 8360 --- [restartedMain] s.w.s.m.m.a.RequestMappingHandlerMapping : Mapped "{[/object/nonWorkdays],methods=[POST]}" onto public java.util.List<br.com.library.wlibrary.att.NonWorkdays> br.com.dbintegrationapi.resource.ObjectResource.nonWorkdays(br.com.library.wlibrary.core.DataQuery)
2018-06-22 14:54:40.661  INFO 8360 --- [restartedMain] s.w.s.m.m.a.RequestMappingHandlerMapping : Mapped "{[/object/salesman],methods=[POST]}" onto public java.util.List<br.com.library.wlibrary.att.Salesman> br.com.dbintegrationapi.resource.ObjectResource.salesman(br.com.library.wlibrary.core.DataQuery)
2018-06-22 14:54:40.662  INFO 8360 --- [restartedMain] s.w.s.m.m.a.RequestMappingHandlerMapping : Mapped "{[/object/comission],methods=[POST]}" onto public org.springframework.http.ResponseEntity<?> br.com.dbintegrationapi.resource.ObjectResource.comission(br.com.library.wlibrary.core.DataQuery)
2018-06-22 14:54:40.662  INFO 8360 --- [restartedMain] s.w.s.m.m.a.RequestMappingHandlerMapping : Mapped "{[/object/payment],methods=[POST]}" onto public org.springframework.http.ResponseEntity<?> br.com.dbintegrationapi.resource.ObjectResource.payment(br.com.library.wlibrary.core.DataQuery)
2018-06-22 14:54:40.665  INFO 8360 --- [restartedMain] s.w.s.m.m.a.RequestMappingHandlerMapping : Mapped "{[/error]}" onto public org.springframework.http.ResponseEntity<java.util.Map<java.lang.String, java.lang.Object>> org.springframework.boot.autoconfigure.web.BasicErrorController.error(javax.servlet.http.HttpServletRequest)
2018-06-22 14:54:40.666  INFO 8360 --- [restartedMain] s.w.s.m.m.a.RequestMappingHandlerMapping : Mapped "{[/error],produces=[text/html]}" onto public org.springframework.web.servlet.ModelAndView org.springframework.boot.autoconfigure.web.BasicErrorController.errorHtml(javax.servlet.http.HttpServletRequest,javax.servlet.http.HttpServletResponse)
2018-06-22 14:54:40.677  INFO 8360 --- [restartedMain] o.s.w.s.handler.SimpleUrlHandlerMapping  : Mapped URL path [/webjars/**] onto handler of type [class org.springframework.web.servlet.resource.ResourceHttpRequestHandler]
2018-06-22 14:54:40.677  INFO 8360 --- [restartedMain] o.s.w.s.handler.SimpleUrlHandlerMapping  : Mapped URL path [/**] onto handler of type [class org.springframework.web.servlet.resource.ResourceHttpRequestHandler]
2018-06-22 14:54:40.694  INFO 8360 --- [restartedMain] o.s.w.s.handler.SimpleUrlHandlerMapping  : Mapped URL path [/**/favicon.ico] onto handler of type [class org.springframework.web.servlet.resource.ResourceHttpRequestHandler]
2018-06-22 14:54:40.742  INFO 8360 --- [restartedMain] o.s.b.d.a.OptionalLiveReloadServer       : LiveReload server is running on port 35729
2018-06-22 14:54:40.890  INFO 8360 --- [restartedMain] o.s.j.e.a.AnnotationMBeanExporter        : Registering beans for JMX exposure on startup
2018-06-22 14:54:40.911  INFO 8360 --- [restartedMain] s.b.c.e.t.TomcatEmbeddedServletContainer : Tomcat started on port(s): 8090 (http)
2018-06-22 14:54:40.918  INFO 8360 --- [restartedMain] b.c.d.WdbintegrationApiApplication       : Started WdbintegrationApiApplication in 1.275 seconds (JVM running for 10269.016)
2018-06-22 14:56:32.541  INFO 8360 --- [Thread-10] ationConfigEmbeddedWebApplicationContext : Closing org.springframework.boot.context.embedded.AnnotationConfigEmbeddedWebApplicationContext@18ffc424: startup date [Fri Jun 22 14:54:39 BRT 2018]; root of context hierarchy
2018-06-22 14:56:32.547  INFO 8360 --- [Thread-10] o.s.j.e.a.AnnotationMBeanExporter        : Unregistering JMX-exposed beans on shutdown
2018-06-22 14:56:32.963  INFO 8360 --- [restartedMain] b.c.d.WdbintegrationApiApplication       : Starting WdbintegrationApiApplication on UDI-H6SGQM2 with PID 8360 (C:\Everis\workspace\stsbundle\wdbintegration-api\target\classes started by wborgesa in C:\Everis\workspace\stsbundle\wdbintegration-api)
2018-06-22 14:56:32.964  INFO 8360 --- [restartedMain] b.c.d.WdbintegrationApiApplication       : No active profile set, falling back to default profiles: default
2018-06-22 14:56:32.967  INFO 8360 --- [restartedMain] ationConfigEmbeddedWebApplicationContext : Refreshing org.springframework.boot.context.embedded.AnnotationConfigEmbeddedWebApplicationContext@21190b3d: startup date [Fri Jun 22 14:56:32 BRT 2018]; root of context hierarchy
2018-06-22 14:56:33.478  INFO 8360 --- [restartedMain] s.b.c.e.t.TomcatEmbeddedServletContainer : Tomcat initialized with port(s): 8090 (http)
2018-06-22 14:56:33.479  INFO 8360 --- [restartedMain] o.apache.catalina.core.StandardService   : Starting service [Tomcat]
2018-06-22 14:56:33.479  INFO 8360 --- [restartedMain] org.apache.catalina.core.StandardEngine  : Starting Servlet Engine: Apache Tomcat/8.5.29
2018-06-22 14:56:33.495  INFO 8360 --- [localhost-startStop-1] o.a.c.c.C.[Tomcat].[localhost].[/]       : Initializing Spring embedded WebApplicationContext
2018-06-22 14:56:33.495  INFO 8360 --- [localhost-startStop-1] o.s.web.context.ContextLoader            : Root WebApplicationContext: initialization completed in 528 ms
2018-06-22 14:56:33.517  INFO 8360 --- [localhost-startStop-1] o.s.b.w.servlet.ServletRegistrationBean  : Mapping servlet: 'dispatcherServlet' to [/]
2018-06-22 14:56:33.518  INFO 8360 --- [localhost-startStop-1] o.s.b.w.servlet.FilterRegistrationBean   : Mapping filter: 'characterEncodingFilter' to: [/*]
2018-06-22 14:56:33.518  INFO 8360 --- [localhost-startStop-1] o.s.b.w.servlet.FilterRegistrationBean   : Mapping filter: 'hiddenHttpMethodFilter' to: [/*]
2018-06-22 14:56:33.518  INFO 8360 --- [localhost-startStop-1] o.s.b.w.servlet.FilterRegistrationBean   : Mapping filter: 'httpPutFormContentFilter' to: [/*]
2018-06-22 14:56:33.518  INFO 8360 --- [localhost-startStop-1] o.s.b.w.servlet.FilterRegistrationBean   : Mapping filter: 'requestContextFilter' to: [/*]
2018-06-22 14:56:33.601  INFO 8360 --- [restartedMain] s.w.s.m.m.a.RequestMappingHandlerAdapter : Looking for @ControllerAdvice: org.springframework.boot.context.embedded.AnnotationConfigEmbeddedWebApplicationContext@21190b3d: startup date [Fri Jun 22 14:56:32 BRT 2018]; root of context hierarchy
2018-06-22 14:56:33.617  INFO 8360 --- [restartedMain] s.w.s.m.m.a.RequestMappingHandlerMapping : Mapped "{[/object],methods=[GET]}" onto public org.springframework.http.ResponseEntity<?> br.com.dbintegrationapi.resource.ObjectResource.getDataQuery()
2018-06-22 14:56:33.617  INFO 8360 --- [restartedMain] s.w.s.m.m.a.RequestMappingHandlerMapping : Mapped "{[/object/supplier],methods=[POST]}" onto public java.util.List<br.com.library.wlibrary.att.Supplier> br.com.dbintegrationapi.resource.ObjectResource.supplier(br.com.library.wlibrary.core.DataQuery)
2018-06-22 14:56:33.618  INFO 8360 --- [restartedMain] s.w.s.m.m.a.RequestMappingHandlerMapping : Mapped "{[/object/nonWorkdays],methods=[POST]}" onto public java.util.List<br.com.library.wlibrary.att.NonWorkdays> br.com.dbintegrationapi.resource.ObjectResource.nonWorkdays(br.com.library.wlibrary.core.DataQuery)
2018-06-22 14:56:33.619  INFO 8360 --- [restartedMain] s.w.s.m.m.a.RequestMappingHandlerMapping : Mapped "{[/object/salesman],methods=[POST]}" onto public java.util.List<br.com.library.wlibrary.att.Salesman> br.com.dbintegrationapi.resource.ObjectResource.salesman(br.com.library.wlibrary.core.DataQuery)
2018-06-22 14:56:33.619  INFO 8360 --- [restartedMain] s.w.s.m.m.a.RequestMappingHandlerMapping : Mapped "{[/object/comission],methods=[POST]}" onto public org.springframework.http.ResponseEntity<?> br.com.dbintegrationapi.resource.ObjectResource.comission(br.com.library.wlibrary.core.DataQuery)
2018-06-22 14:56:33.620  INFO 8360 --- [restartedMain] s.w.s.m.m.a.RequestMappingHandlerMapping : Mapped "{[/object/payment],methods=[POST]}" onto public org.springframework.http.ResponseEntity<?> br.com.dbintegrationapi.resource.ObjectResource.payment(br.com.library.wlibrary.core.DataQuery)
2018-06-22 14:56:33.623  INFO 8360 --- [restartedMain] s.w.s.m.m.a.RequestMappingHandlerMapping : Mapped "{[/error]}" onto public org.springframework.http.ResponseEntity<java.util.Map<java.lang.String, java.lang.Object>> org.springframework.boot.autoconfigure.web.BasicErrorController.error(javax.servlet.http.HttpServletRequest)
2018-06-22 14:56:33.623  INFO 8360 --- [restartedMain] s.w.s.m.m.a.RequestMappingHandlerMapping : Mapped "{[/error],produces=[text/html]}" onto public org.springframework.web.servlet.ModelAndView org.springframework.boot.autoconfigure.web.BasicErrorController.errorHtml(javax.servlet.http.HttpServletRequest,javax.servlet.http.HttpServletResponse)
2018-06-22 14:56:33.633  INFO 8360 --- [restartedMain] o.s.w.s.handler.SimpleUrlHandlerMapping  : Mapped URL path [/webjars/**] onto handler of type [class org.springframework.web.servlet.resource.ResourceHttpRequestHandler]
2018-06-22 14:56:33.633  INFO 8360 --- [restartedMain] o.s.w.s.handler.SimpleUrlHandlerMapping  : Mapped URL path [/**] onto handler of type [class org.springframework.web.servlet.resource.ResourceHttpRequestHandler]
2018-06-22 14:56:33.650  INFO 8360 --- [restartedMain] o.s.w.s.handler.SimpleUrlHandlerMapping  : Mapped URL path [/**/favicon.ico] onto handler of type [class org.springframework.web.servlet.resource.ResourceHttpRequestHandler]
2018-06-22 14:56:33.686  INFO 8360 --- [restartedMain] o.s.b.d.a.OptionalLiveReloadServer       : LiveReload server is running on port 35729
2018-06-22 14:56:33.726  INFO 8360 --- [restartedMain] o.s.j.e.a.AnnotationMBeanExporter        : Registering beans for JMX exposure on startup
2018-06-22 14:56:33.735  INFO 8360 --- [restartedMain] s.b.c.e.t.TomcatEmbeddedServletContainer : Tomcat started on port(s): 8090 (http)
2018-06-22 14:56:33.737  INFO 8360 --- [restartedMain] b.c.d.WdbintegrationApiApplication       : Started WdbintegrationApiApplication in 0.82 seconds (JVM running for 10381.835)
2018-06-22 14:59:38.903  INFO 8360 --- [Thread-16] ationConfigEmbeddedWebApplicationContext : Closing org.springframework.boot.context.embedded.AnnotationConfigEmbeddedWebApplicationContext@21190b3d: startup date [Fri Jun 22 14:56:32 BRT 2018]; root of context hierarchy
2018-06-22 14:59:38.911  INFO 8360 --- [Thread-16] o.s.j.e.a.AnnotationMBeanExporter        : Unregistering JMX-exposed beans on shutdown
2018-06-22 15:21:22.538  INFO 8360 --- [restartedMain] b.c.d.WdbintegrationApiApplication       : Starting WdbintegrationApiApplication on UDI-H6SGQM2 with PID 8360 (C:\Everis\workspace\stsbundle\wdbintegration-api\target\classes started by wborgesa in C:\Everis\workspace\stsbundle\wdbintegration-api)
2018-06-22 15:21:22.538  INFO 8360 --- [restartedMain] b.c.d.WdbintegrationApiApplication       : No active profile set, falling back to default profiles: default
2018-06-22 15:21:22.540  INFO 8360 --- [restartedMain] ationConfigEmbeddedWebApplicationContext : Refreshing org.springframework.boot.context.embedded.AnnotationConfigEmbeddedWebApplicationContext@36a8e3df: startup date [Fri Jun 22 15:21:22 BRT 2018]; root of context hierarchy
2018-06-22 15:21:22.863  INFO 8360 --- [restartedMain] s.b.c.e.t.TomcatEmbeddedServletContainer : Tomcat initialized with port(s): 8090 (http)
2018-06-22 15:21:22.864  INFO 8360 --- [restartedMain] o.apache.catalina.core.StandardService   : Starting service [Tomcat]
2018-06-22 15:21:22.864  INFO 8360 --- [restartedMain] org.apache.catalina.core.StandardEngine  : Starting Servlet Engine: Apache Tomcat/8.5.29
2018-06-22 15:21:22.879  INFO 8360 --- [localhost-startStop-1] o.a.c.c.C.[Tomcat].[localhost].[/]       : Initializing Spring embedded WebApplicationContext
2018-06-22 15:21:22.879  INFO 8360 --- [localhost-startStop-1] o.s.web.context.ContextLoader            : Root WebApplicationContext: initialization completed in 339 ms
2018-06-22 15:21:22.896  INFO 8360 --- [localhost-startStop-1] o.s.b.w.servlet.ServletRegistrationBean  : Mapping servlet: 'dispatcherServlet' to [/]
2018-06-22 15:21:22.896  INFO 8360 --- [localhost-startStop-1] o.s.b.w.servlet.FilterRegistrationBean   : Mapping filter: 'characterEncodingFilter' to: [/*]
2018-06-22 15:21:22.896  INFO 8360 --- [localhost-startStop-1] o.s.b.w.servlet.FilterRegistrationBean   : Mapping filter: 'hiddenHttpMethodFilter' to: [/*]
2018-06-22 15:21:22.897  INFO 8360 --- [localhost-startStop-1] o.s.b.w.servlet.FilterRegistrationBean   : Mapping filter: 'httpPutFormContentFilter' to: [/*]
2018-06-22 15:21:22.897  INFO 8360 --- [localhost-startStop-1] o.s.b.w.servlet.FilterRegistrationBean   : Mapping filter: 'requestContextFilter' to: [/*]
2018-06-22 15:21:22.954  INFO 8360 --- [restartedMain] s.w.s.m.m.a.RequestMappingHandlerAdapter : Looking for @ControllerAdvice: org.springframework.boot.context.embedded.AnnotationConfigEmbeddedWebApplicationContext@36a8e3df: startup date [Fri Jun 22 15:21:22 BRT 2018]; root of context hierarchy
2018-06-22 15:21:22.962  INFO 8360 --- [restartedMain] s.w.s.m.m.a.RequestMappingHandlerMapping : Mapped "{[/object],methods=[GET]}" onto public org.springframework.http.ResponseEntity<?> br.com.dbintegrationapi.resource.ObjectResource.getDataQuery()
2018-06-22 15:21:22.962  INFO 8360 --- [restartedMain] s.w.s.m.m.a.RequestMappingHandlerMapping : Mapped "{[/object/supplier],methods=[POST]}" onto public java.util.List<br.com.library.wlibrary.att.Supplier> br.com.dbintegrationapi.resource.ObjectResource.supplier(br.com.library.wlibrary.core.DataQuery)
2018-06-22 15:21:22.962  INFO 8360 --- [restartedMain] s.w.s.m.m.a.RequestMappingHandlerMapping : Mapped "{[/object/nonWorkdays],methods=[POST]}" onto public java.util.List<br.com.library.wlibrary.att.NonWorkdays> br.com.dbintegrationapi.resource.ObjectResource.nonWorkdays(br.com.library.wlibrary.core.DataQuery)
2018-06-22 15:21:22.963  INFO 8360 --- [restartedMain] s.w.s.m.m.a.RequestMappingHandlerMapping : Mapped "{[/object/salesman],methods=[POST]}" onto public java.util.List<br.com.library.wlibrary.att.Salesman> br.com.dbintegrationapi.resource.ObjectResource.salesman(br.com.library.wlibrary.core.DataQuery)
2018-06-22 15:21:22.963  INFO 8360 --- [restartedMain] s.w.s.m.m.a.RequestMappingHandlerMapping : Mapped "{[/object/comission],methods=[POST]}" onto public org.springframework.http.ResponseEntity<?> br.com.dbintegrationapi.resource.ObjectResource.comission(br.com.library.wlibrary.core.DataQuery)
2018-06-22 15:21:22.964  INFO 8360 --- [restartedMain] s.w.s.m.m.a.RequestMappingHandlerMapping : Mapped "{[/object/payment],methods=[POST]}" onto public org.springframework.http.ResponseEntity<?> br.com.dbintegrationapi.resource.ObjectResource.payment(br.com.library.wlibrary.core.DataQuery)
2018-06-22 15:21:22.966  INFO 8360 --- [restartedMain] s.w.s.m.m.a.RequestMappingHandlerMapping : Mapped "{[/error]}" onto public org.springframework.http.ResponseEntity<java.util.Map<java.lang.String, java.lang.Object>> org.springframework.boot.autoconfigure.web.BasicErrorController.error(javax.servlet.http.HttpServletRequest)
2018-06-22 15:21:22.966  INFO 8360 --- [restartedMain] s.w.s.m.m.a.RequestMappingHandlerMapping : Mapped "{[/error],produces=[text/html]}" onto public org.springframework.web.servlet.ModelAndView org.springframework.boot.autoconfigure.web.BasicErrorController.errorHtml(javax.servlet.http.HttpServletRequest,javax.servlet.http.HttpServletResponse)
2018-06-22 15:21:22.973  INFO 8360 --- [restartedMain] o.s.w.s.handler.SimpleUrlHandlerMapping  : Mapped URL path [/webjars/**] onto handler of type [class org.springframework.web.servlet.resource.ResourceHttpRequestHandler]
2018-06-22 15:21:22.973  INFO 8360 --- [restartedMain] o.s.w.s.handler.SimpleUrlHandlerMapping  : Mapped URL path [/**] onto handler of type [class org.springframework.web.servlet.resource.ResourceHttpRequestHandler]
2018-06-22 15:21:22.986  INFO 8360 --- [restartedMain] o.s.w.s.handler.SimpleUrlHandlerMapping  : Mapped URL path [/**/favicon.ico] onto handler of type [class org.springframework.web.servlet.resource.ResourceHttpRequestHandler]
2018-06-22 15:21:23.015  INFO 8360 --- [restartedMain] o.s.b.d.a.OptionalLiveReloadServer       : LiveReload server is running on port 35729
2018-06-22 15:21:23.038  INFO 8360 --- [restartedMain] o.s.j.e.a.AnnotationMBeanExporter        : Registering beans for JMX exposure on startup
2018-06-22 15:21:23.045  INFO 8360 --- [restartedMain] s.b.c.e.t.TomcatEmbeddedServletContainer : Tomcat started on port(s): 8090 (http)
2018-06-22 15:21:23.047  INFO 8360 --- [restartedMain] b.c.d.WdbintegrationApiApplication       : Started WdbintegrationApiApplication in 0.538 seconds (JVM running for 11871.145)
2018-06-22 15:23:23.963  INFO 8360 --- [Thread-76] ationConfigEmbeddedWebApplicationContext : Closing org.springframework.boot.context.embedded.AnnotationConfigEmbeddedWebApplicationContext@36a8e3df: startup date [Fri Jun 22 15:21:22 BRT 2018]; root of context hierarchy
2018-06-22 15:23:23.965  INFO 8360 --- [Thread-76] o.s.j.e.a.AnnotationMBeanExporter        : Unregistering JMX-exposed beans on shutdown
2018-06-22 15:23:24.269  INFO 8360 --- [restartedMain] b.c.d.WdbintegrationApiApplication       : Starting WdbintegrationApiApplication on UDI-H6SGQM2 with PID 8360 (C:\Everis\workspace\stsbundle\wdbintegration-api\target\classes started by wborgesa in C:\Everis\workspace\stsbundle\wdbintegration-api)
2018-06-22 15:23:24.269  INFO 8360 --- [restartedMain] b.c.d.WdbintegrationApiApplication       : No active profile set, falling back to default profiles: default
2018-06-22 15:23:24.271  INFO 8360 --- [restartedMain] ationConfigEmbeddedWebApplicationContext : Refreshing org.springframework.boot.context.embedded.AnnotationConfigEmbeddedWebApplicationContext@165322b8: startup date [Fri Jun 22 15:23:24 BRT 2018]; root of context hierarchy
2018-06-22 15:23:24.614  INFO 8360 --- [restartedMain] s.b.c.e.t.TomcatEmbeddedServletContainer : Tomcat initialized with port(s): 8090 (http)
2018-06-22 15:23:24.615  INFO 8360 --- [restartedMain] o.apache.catalina.core.StandardService   : Starting service [Tomcat]
2018-06-22 15:23:24.615  INFO 8360 --- [restartedMain] org.apache.catalina.core.StandardEngine  : Starting Servlet Engine: Apache Tomcat/8.5.29
2018-06-22 15:23:24.630  INFO 8360 --- [localhost-startStop-1] o.a.c.c.C.[Tomcat].[localhost].[/]       : Initializing Spring embedded WebApplicationContext
2018-06-22 15:23:24.631  INFO 8360 --- [localhost-startStop-1] o.s.web.context.ContextLoader            : Root WebApplicationContext: initialization completed in 360 ms
2018-06-22 15:23:24.647  INFO 8360 --- [localhost-startStop-1] o.s.b.w.servlet.ServletRegistrationBean  : Mapping servlet: 'dispatcherServlet' to [/]
2018-06-22 15:23:24.647  INFO 8360 --- [localhost-startStop-1] o.s.b.w.servlet.FilterRegistrationBean   : Mapping filter: 'characterEncodingFilter' to: [/*]
2018-06-22 15:23:24.648  INFO 8360 --- [localhost-startStop-1] o.s.b.w.servlet.FilterRegistrationBean   : Mapping filter: 'hiddenHttpMethodFilter' to: [/*]
2018-06-22 15:23:24.648  INFO 8360 --- [localhost-startStop-1] o.s.b.w.servlet.FilterRegistrationBean   : Mapping filter: 'httpPutFormContentFilter' to: [/*]
2018-06-22 15:23:24.648  INFO 8360 --- [localhost-startStop-1] o.s.b.w.servlet.FilterRegistrationBean   : Mapping filter: 'requestContextFilter' to: [/*]
2018-06-22 15:23:24.717  INFO 8360 --- [restartedMain] s.w.s.m.m.a.RequestMappingHandlerAdapter : Looking for @ControllerAdvice: org.springframework.boot.context.embedded.AnnotationConfigEmbeddedWebApplicationContext@165322b8: startup date [Fri Jun 22 15:23:24 BRT 2018]; root of context hierarchy
2018-06-22 15:23:24.723  INFO 8360 --- [restartedMain] s.w.s.m.m.a.RequestMappingHandlerMapping : Mapped "{[/object],methods=[GET]}" onto public org.springframework.http.ResponseEntity<?> br.com.dbintegrationapi.resource.ObjectResource.getDataQuery()
2018-06-22 15:23:24.724  INFO 8360 --- [restartedMain] s.w.s.m.m.a.RequestMappingHandlerMapping : Mapped "{[/object/supplier],methods=[POST]}" onto public java.util.List<br.com.library.wlibrary.att.Supplier> br.com.dbintegrationapi.resource.ObjectResource.supplier(br.com.library.wlibrary.core.DataQuery)
2018-06-22 15:23:24.724  INFO 8360 --- [restartedMain] s.w.s.m.m.a.RequestMappingHandlerMapping : Mapped "{[/object/nonWorkdays],methods=[POST]}" onto public java.util.List<br.com.library.wlibrary.att.NonWorkdays> br.com.dbintegrationapi.resource.ObjectResource.nonWorkdays(br.com.library.wlibrary.core.DataQuery)
2018-06-22 15:23:24.724  INFO 8360 --- [restartedMain] s.w.s.m.m.a.RequestMappingHandlerMapping : Mapped "{[/object/salesman],methods=[POST]}" onto public java.util.List<br.com.library.wlibrary.att.Salesman> br.com.dbintegrationapi.resource.ObjectResource.salesman(br.com.library.wlibrary.core.DataQuery)
2018-06-22 15:23:24.724  INFO 8360 --- [restartedMain] s.w.s.m.m.a.RequestMappingHandlerMapping : Mapped "{[/object/comission],methods=[POST]}" onto public org.springframework.http.ResponseEntity<?> br.com.dbintegrationapi.resource.ObjectResource.comission(br.com.library.wlibrary.core.DataQuery)
2018-06-22 15:23:24.725  INFO 8360 --- [restartedMain] s.w.s.m.m.a.RequestMappingHandlerMapping : Mapped "{[/object/payment],methods=[POST]}" onto public org.springframework.http.ResponseEntity<?> br.com.dbintegrationapi.resource.ObjectResource.payment(br.com.library.wlibrary.core.DataQuery)
2018-06-22 15:23:24.726  INFO 8360 --- [restartedMain] s.w.s.m.m.a.RequestMappingHandlerMapping : Mapped "{[/error]}" onto public org.springframework.http.ResponseEntity<java.util.Map<java.lang.String, java.lang.Object>> org.springframework.boot.autoconfigure.web.BasicErrorController.error(javax.servlet.http.HttpServletRequest)
2018-06-22 15:23:24.726  INFO 8360 --- [restartedMain] s.w.s.m.m.a.RequestMappingHandlerMapping : Mapped "{[/error],produces=[text/html]}" onto public org.springframework.web.servlet.ModelAndView org.springframework.boot.autoconfigure.web.BasicErrorController.errorHtml(javax.servlet.http.HttpServletRequest,javax.servlet.http.HttpServletResponse)
2018-06-22 15:23:24.731  INFO 8360 --- [restartedMain] o.s.w.s.handler.SimpleUrlHandlerMapping  : Mapped URL path [/webjars/**] onto handler of type [class org.springframework.web.servlet.resource.ResourceHttpRequestHandler]
2018-06-22 15:23:24.732  INFO 8360 --- [restartedMain] o.s.w.s.handler.SimpleUrlHandlerMapping  : Mapped URL path [/**] onto handler of type [class org.springframework.web.servlet.resource.ResourceHttpRequestHandler]
2018-06-22 15:23:24.744  INFO 8360 --- [restartedMain] o.s.w.s.handler.SimpleUrlHandlerMapping  : Mapped URL path [/**/favicon.ico] onto handler of type [class org.springframework.web.servlet.resource.ResourceHttpRequestHandler]
2018-06-22 15:23:24.775  INFO 8360 --- [restartedMain] o.s.b.d.a.OptionalLiveReloadServer       : LiveReload server is running on port 35729
2018-06-22 15:23:24.796  INFO 8360 --- [restartedMain] o.s.j.e.a.AnnotationMBeanExporter        : Registering beans for JMX exposure on startup
2018-06-22 15:23:24.803  INFO 8360 --- [restartedMain] s.b.c.e.t.TomcatEmbeddedServletContainer : Tomcat started on port(s): 8090 (http)
2018-06-22 15:23:24.805  INFO 8360 --- [restartedMain] b.c.d.WdbintegrationApiApplication       : Started WdbintegrationApiApplication in 0.565 seconds (JVM running for 11992.903)
2018-06-22 15:23:35.413  INFO 8360 --- [RMI TCP Connection(2)-127.0.0.1] inMXBeanRegistrar$SpringApplicationAdmin : Application shutdown requested.
2018-06-22 15:23:35.413  INFO 8360 --- [RMI TCP Connection(3)-127.0.0.1] inMXBeanRegistrar$SpringApplicationAdmin : Application shutdown requested.
2018-06-22 15:23:35.413  INFO 8360 --- [RMI TCP Connection(2)-127.0.0.1] ationConfigEmbeddedWebApplicationContext : Closing org.springframework.boot.context.embedded.AnnotationConfigEmbeddedWebApplicationContext@165322b8: startup date [Fri Jun 22 15:23:24 BRT 2018]; root of context hierarchy
2018-06-22 15:23:35.415  INFO 8360 --- [RMI TCP Connection(2)-127.0.0.1] o.s.j.e.a.AnnotationMBeanExporter        : Unregistering JMX-exposed beans on shutdown
